<?xml version="1.0" encoding="utf-8"?>
<CoverageSession xmlns:xsd="http://www.w3.org/2001/XMLSchema" xmlns:xsi="http://www.w3.org/2001/XMLSchema-instance" Version="0.0.0.0">
  <Summary numSequencePoints="223" visitedSequencePoints="220" numBranchPoints="0" visitedBranchPoints="0" sequenceCoverage="98.65" branchCoverage="0.0" maxCyclomaticComplexity="0" minCyclomaticComplexity="0" maxCrapScore="0" minCrapScore="0" visitedClasses="13" numClasses="13" visitedMethods="36" numMethods="36" />
  <Modules>
    <Module>
      <Summary numSequencePoints="223" visitedSequencePoints="220" numBranchPoints="0" visitedBranchPoints="0" sequenceCoverage="98.65" branchCoverage="0.0" maxCyclomaticComplexity="0" minCyclomaticComplexity="0" maxCrapScore="0" minCrapScore="0" visitedClasses="13" numClasses="13" visitedMethods="36" numMethods="36" />
      <ModuleTime>0001-01-01T00:00:00</ModuleTime>
      <ModuleName>Scripts</ModuleName>
      <Files>
        <File uid="1" fullPath="C:/Users/Gean/Desktop/testes/New Unity Project/Assets/Scripts/CardAction.cs" />
        <File uid="2" fullPath="C:/Users/Gean/Desktop/testes/New Unity Project/Assets/Scripts/CardPlayer.cs" />
        <File uid="3" fullPath="C:/Users/Gean/Desktop/testes/New Unity Project/Assets/Scripts/CardScript.cs" />
        <File uid="4" fullPath="C:/Users/Gean/Desktop/testes/New Unity Project/Assets/Scripts/Constants.cs" />
        <File uid="5" fullPath="C:/Users/Gean/Desktop/testes/New Unity Project/Assets/Scripts/Deck.cs" />
        <File uid="6" fullPath="C:/Users/Gean/Desktop/testes/New Unity Project/Assets/Scripts/Draggable.cs" />
        <File uid="7" fullPath="C:/Users/Gean/Desktop/testes/New Unity Project/Assets/Scripts/EndTurnButton.cs" />
        <File uid="8" fullPath="C:/Users/Gean/Desktop/testes/New Unity Project/Assets/Scripts/EnemyCards.cs" />
        <File uid="9" fullPath="C:/Users/Gean/Desktop/testes/New Unity Project/Assets/Scripts/FireballAction.cs" />
        <File uid="10" fullPath="C:/Users/Gean/Desktop/testes/New Unity Project/Assets/Scripts/HandScript.cs" />
        <File uid="11" fullPath="C:/Users/Gean/Desktop/testes/New Unity Project/Assets/Scripts/HealAction.cs" />
        <File uid="12" fullPath="C:/Users/Gean/Desktop/testes/New Unity Project/Assets/Scripts/Health.cs" />
        <File uid="13" fullPath="C:/Users/Gean/Desktop/testes/New Unity Project/Assets/Scripts/RoundManager.cs" />
      </Files>
      <Classes>
        <Class>
          <Summary numSequencePoints="4" visitedSequencePoints="4" numBranchPoints="0" visitedBranchPoints="0" sequenceCoverage="100.0" branchCoverage="0.0" maxCyclomaticComplexity="0" minCyclomaticComplexity="0" maxCrapScore="0" minCrapScore="0" visitedClasses="1" numClasses="1" visitedMethods="1" numMethods="1" />
          <FullName>CardAction</FullName>
          <Methods>
            <Method visited="true" cyclomaticComplexity="0" nPathComplexity="0" sequenceCoverage="100.0" branchCoverage="0" crapScore="0" isConstructor="false" isStatic="false" isGetter="false" isSetter="false">
              <Summary numSequencePoints="4" visitedSequencePoints="4" numBranchPoints="0" visitedBranchPoints="0" sequenceCoverage="100.0" branchCoverage="0" maxCyclomaticComplexity="0" minCyclomaticComplexity="0" maxCrapScore="0" minCrapScore="0" visitedClasses="0" numClasses="0" visitedMethods="1" numMethods="1" />
              <MetadataToken>100663298</MetadataToken>
              <Name>System.Void CardAction::play()</Name>
              <FileRef uid="1" />
              <SequencePoints>
                <SequencePoint vc="36" uspid="273" ordinal="0" offset="0" sl="11" sc="5" el="11" ec="5" bec="0" bev="0" fileid="1" />
                <SequencePoint vc="36" uspid="274" ordinal="0" offset="1" sl="12" sc="9" el="12" ec="9" bec="0" bev="0" fileid="1" />
                <SequencePoint vc="36" uspid="275" ordinal="0" offset="8" sl="13" sc="9" el="13" ec="9" bec="0" bev="0" fileid="1" />
                <SequencePoint vc="36" uspid="276" ordinal="0" offset="31" sl="14" sc="5" el="14" ec="5" bec="0" bev="0" fileid="1" />
              </SequencePoints>
              <BranchPoints />
            </Method>
          </Methods>
        </Class>
        <Class>
          <Summary numSequencePoints="13" visitedSequencePoints="13" numBranchPoints="0" visitedBranchPoints="0" sequenceCoverage="100.0" branchCoverage="0.0" maxCyclomaticComplexity="0" minCyclomaticComplexity="0" maxCrapScore="0" minCrapScore="0" visitedClasses="1" numClasses="1" visitedMethods="4" numMethods="4" />
          <FullName>CardScript</FullName>
          <Methods>
            <Method visited="true" cyclomaticComplexity="0" nPathComplexity="0" sequenceCoverage="100.0" branchCoverage="0" crapScore="0" isConstructor="false" isStatic="false" isGetter="false" isSetter="false">
              <Summary numSequencePoints="5" visitedSequencePoints="5" numBranchPoints="0" visitedBranchPoints="0" sequenceCoverage="100.0" branchCoverage="0" maxCyclomaticComplexity="0" minCyclomaticComplexity="0" maxCrapScore="0" minCrapScore="0" visitedClasses="0" numClasses="0" visitedMethods="1" numMethods="1" />
              <MetadataToken>100663305</MetadataToken>
              <Name>System.Void CardScript::Start()</Name>
              <FileRef uid="3" />
              <SequencePoints>
                <SequencePoint vc="288" uspid="285" ordinal="0" offset="0" sl="16" sc="5" el="16" ec="5" bec="0" bev="0" fileid="3" />
                <SequencePoint vc="288" uspid="286" ordinal="0" offset="1" sl="17" sc="9" el="17" ec="9" bec="0" bev="0" fileid="3" />
                <SequencePoint vc="288" uspid="287" ordinal="0" offset="24" sl="18" sc="9" el="18" ec="9" bec="0" bev="0" fileid="3" />
                <SequencePoint vc="288" uspid="288" ordinal="0" offset="47" sl="19" sc="9" el="19" ec="9" bec="0" bev="0" fileid="3" />
                <SequencePoint vc="288" uspid="289" ordinal="0" offset="70" sl="21" sc="5" el="21" ec="5" bec="0" bev="0" fileid="3" />
              </SequencePoints>
              <BranchPoints />
            </Method>
            <Method visited="true" cyclomaticComplexity="0" nPathComplexity="0" sequenceCoverage="100.0" branchCoverage="0" crapScore="0" isConstructor="false" isStatic="false" isGetter="false" isSetter="false">
              <Summary numSequencePoints="4" visitedSequencePoints="4" numBranchPoints="0" visitedBranchPoints="0" sequenceCoverage="100.0" branchCoverage="0" maxCyclomaticComplexity="0" minCyclomaticComplexity="0" maxCrapScore="0" minCrapScore="0" visitedClasses="0" numClasses="0" visitedMethods="1" numMethods="1" />
              <MetadataToken>100663306</MetadataToken>
              <Name>System.Void CardScript::release()</Name>
              <FileRef uid="3" />
              <SequencePoints>
                <SequencePoint vc="36" uspid="290" ordinal="0" offset="0" sl="24" sc="5" el="24" ec="5" bec="0" bev="0" fileid="3" />
                <SequencePoint vc="36" uspid="291" ordinal="0" offset="1" sl="25" sc="9" el="25" ec="9" bec="0" bev="0" fileid="3" />
                <SequencePoint vc="36" uspid="292" ordinal="0" offset="11" sl="26" sc="13" el="26" ec="13" bec="0" bev="0" fileid="3" />
                <SequencePoint vc="36" uspid="293" ordinal="0" offset="23" sl="27" sc="5" el="27" ec="5" bec="0" bev="0" fileid="3" />
              </SequencePoints>
              <BranchPoints />
            </Method>
            <Method visited="true" cyclomaticComplexity="0" nPathComplexity="0" sequenceCoverage="100.0" branchCoverage="0" crapScore="0" isConstructor="false" isStatic="false" isGetter="false" isSetter="false">
              <Summary numSequencePoints="3" visitedSequencePoints="3" numBranchPoints="0" visitedBranchPoints="0" sequenceCoverage="100.0" branchCoverage="0" maxCyclomaticComplexity="0" minCyclomaticComplexity="0" maxCrapScore="0" minCrapScore="0" visitedClasses="0" numClasses="0" visitedMethods="1" numMethods="1" />
              <MetadataToken>100663307</MetadataToken>
              <Name>System.Void CardScript::pickUp()</Name>
              <FileRef uid="3" />
              <SequencePoints>
                <SequencePoint vc="2" uspid="294" ordinal="0" offset="0" sl="30" sc="5" el="30" ec="5" bec="0" bev="0" fileid="3" />
                <SequencePoint vc="2" uspid="295" ordinal="0" offset="1" sl="31" sc="9" el="31" ec="9" bec="0" bev="0" fileid="3" />
                <SequencePoint vc="2" uspid="296" ordinal="0" offset="33" sl="32" sc="5" el="32" ec="5" bec="0" bev="0" fileid="3" />
              </SequencePoints>
              <BranchPoints />
            </Method>
            <Method visited="true" cyclomaticComplexity="0" nPathComplexity="0" sequenceCoverage="100.0" branchCoverage="0" crapScore="0" isConstructor="true" isStatic="false" isGetter="false" isSetter="false">
              <Summary numSequencePoints="1" visitedSequencePoints="1" numBranchPoints="0" visitedBranchPoints="0" sequenceCoverage="100.0" branchCoverage="0" maxCyclomaticComplexity="0" minCyclomaticComplexity="0" maxCrapScore="0" minCrapScore="0" visitedClasses="0" numClasses="0" visitedMethods="1" numMethods="1" />
              <MetadataToken>100663309</MetadataToken>
              <Name>CardScript::CardScript()</Name>
              <FileRef uid="3" />
              <SequencePoints>
                <SequencePoint vc="1033" uspid="301" ordinal="0" offset="0" sl="12" sc="5" el="12" ec="5" bec="0" bev="0" fileid="3" />
              </SequencePoints>
              <BranchPoints />
            </Method>
          </Methods>
        </Class>
        <Class>
          <Summary numSequencePoints="7" visitedSequencePoints="7" numBranchPoints="0" visitedBranchPoints="0" sequenceCoverage="100.0" branchCoverage="0.0" maxCyclomaticComplexity="0" minCyclomaticComplexity="0" maxCrapScore="0" minCrapScore="0" visitedClasses="1" numClasses="1" visitedMethods="1" numMethods="1" />
          <FullName>Constants</FullName>
          <Methods>
            <Method visited="true" cyclomaticComplexity="0" nPathComplexity="0" sequenceCoverage="100.0" branchCoverage="0" crapScore="0" isConstructor="true" isStatic="true" isGetter="false" isSetter="false">
              <Summary numSequencePoints="7" visitedSequencePoints="7" numBranchPoints="0" visitedBranchPoints="0" sequenceCoverage="100.0" branchCoverage="0" maxCyclomaticComplexity="0" minCyclomaticComplexity="0" maxCrapScore="0" minCrapScore="0" visitedClasses="0" numClasses="0" visitedMethods="1" numMethods="1" />
              <MetadataToken>100663310</MetadataToken>
              <Name>static Constants::Constants()</Name>
              <FileRef uid="4" />
              <SequencePoints>
                <SequencePoint vc="1" uspid="302" ordinal="0" offset="0" sl="7" sc="5" el="7" ec="5" bec="0" bev="0" fileid="4" />
                <SequencePoint vc="1" uspid="303" ordinal="0" offset="10" sl="8" sc="5" el="8" ec="5" bec="0" bev="0" fileid="4" />
                <SequencePoint vc="1" uspid="304" ordinal="0" offset="20" sl="10" sc="5" el="10" ec="5" bec="0" bev="0" fileid="4" />
                <SequencePoint vc="1" uspid="305" ordinal="0" offset="26" sl="11" sc="5" el="11" ec="5" bec="0" bev="0" fileid="4" />
                <SequencePoint vc="1" uspid="306" ordinal="0" offset="33" sl="12" sc="5" el="12" ec="5" bec="0" bev="0" fileid="4" />
                <SequencePoint vc="1" uspid="307" ordinal="0" offset="40" sl="13" sc="5" el="13" ec="5" bec="0" bev="0" fileid="4" />
                <SequencePoint vc="1" uspid="308" ordinal="0" offset="47" sl="14" sc="5" el="14" ec="5" bec="0" bev="0" fileid="4" />
              </SequencePoints>
              <BranchPoints />
            </Method>
          </Methods>
        </Class>
        <Class>
          <Summary numSequencePoints="44" visitedSequencePoints="44" numBranchPoints="0" visitedBranchPoints="0" sequenceCoverage="100.0" branchCoverage="0.0" maxCyclomaticComplexity="0" minCyclomaticComplexity="0" maxCrapScore="0" minCrapScore="0" visitedClasses="1" numClasses="1" visitedMethods="4" numMethods="4" />
          <FullName>Deck</FullName>
          <Methods>
            <Method visited="true" cyclomaticComplexity="0" nPathComplexity="0" sequenceCoverage="100.0" branchCoverage="0" crapScore="0" isConstructor="false" isStatic="false" isGetter="false" isSetter="false">
              <Summary numSequencePoints="23" visitedSequencePoints="23" numBranchPoints="0" visitedBranchPoints="0" sequenceCoverage="100.0" branchCoverage="0" maxCyclomaticComplexity="0" minCyclomaticComplexity="0" maxCrapScore="0" minCrapScore="0" visitedClasses="0" numClasses="0" visitedMethods="1" numMethods="1" />
              <MetadataToken>100663311</MetadataToken>
              <Name>System.Void Deck::Start()</Name>
              <FileRef uid="5" />
              <SequencePoints>
                <SequencePoint vc="50" uspid="309" ordinal="0" offset="0" sl="15" sc="5" el="15" ec="5" bec="0" bev="0" fileid="5" />
                <SequencePoint vc="50" uspid="310" ordinal="0" offset="1" sl="16" sc="9" el="16" ec="9" bec="0" bev="0" fileid="5" />
                <SequencePoint vc="50" uspid="311" ordinal="0" offset="12" sl="17" sc="9" el="17" ec="9" bec="0" bev="0" fileid="5" />
                <SequencePoint vc="50" uspid="312" ordinal="0" offset="24" sl="18" sc="9" el="18" ec="9" bec="0" bev="0" fileid="5" />
                <SequencePoint vc="50" uspid="313" ordinal="0" offset="35" sl="19" sc="14" el="19" ec="14" bec="0" bev="0" fileid="5" />
                <SequencePoint vc="500" uspid="314" ordinal="0" offset="39" sl="20" sc="9" el="20" ec="9" bec="0" bev="0" fileid="5" />
                <SequencePoint vc="500" uspid="315" ordinal="0" offset="40" sl="22" sc="13" el="22" ec="13" bec="0" bev="0" fileid="5" />
                <SequencePoint vc="500" uspid="316" ordinal="0" offset="96" sl="24" sc="13" el="24" ec="13" bec="0" bev="0" fileid="5" />
                <SequencePoint vc="500" uspid="317" ordinal="0" offset="122" sl="26" sc="13" el="26" ec="13" bec="0" bev="0" fileid="5" />
                <SequencePoint vc="500" uspid="318" ordinal="0" offset="130" sl="27" sc="13" el="27" ec="13" bec="0" bev="0" fileid="5" />
                <SequencePoint vc="500" uspid="319" ordinal="0" offset="143" sl="29" sc="9" el="29" ec="9" bec="0" bev="0" fileid="5" />
                <SequencePoint vc="500" uspid="320" ordinal="0" offset="144" sl="19" sc="33" el="19" ec="33" bec="0" bev="0" fileid="5" />
                <SequencePoint vc="550" uspid="321" ordinal="0" offset="148" sl="19" sc="25" el="19" ec="25" bec="0" bev="0" fileid="5" />
                <SequencePoint vc="50" uspid="322" ordinal="0" offset="157" sl="31" sc="14" el="31" ec="14" bec="0" bev="0" fileid="5" />
                <SequencePoint vc="500" uspid="323" ordinal="0" offset="161" sl="32" sc="9" el="32" ec="9" bec="0" bev="0" fileid="5" />
                <SequencePoint vc="500" uspid="324" ordinal="0" offset="162" sl="33" sc="13" el="33" ec="13" bec="0" bev="0" fileid="5" />
                <SequencePoint vc="500" uspid="325" ordinal="0" offset="219" sl="35" sc="13" el="35" ec="13" bec="0" bev="0" fileid="5" />
                <SequencePoint vc="500" uspid="326" ordinal="0" offset="246" sl="36" sc="13" el="36" ec="13" bec="0" bev="0" fileid="5" />
                <SequencePoint vc="500" uspid="327" ordinal="0" offset="255" sl="37" sc="13" el="37" ec="13" bec="0" bev="0" fileid="5" />
                <SequencePoint vc="500" uspid="328" ordinal="0" offset="269" sl="39" sc="9" el="39" ec="9" bec="0" bev="0" fileid="5" />
                <SequencePoint vc="500" uspid="329" ordinal="0" offset="270" sl="31" sc="33" el="31" ec="33" bec="0" bev="0" fileid="5" />
                <SequencePoint vc="550" uspid="330" ordinal="0" offset="274" sl="31" sc="25" el="31" ec="25" bec="0" bev="0" fileid="5" />
                <SequencePoint vc="50" uspid="331" ordinal="0" offset="285" sl="40" sc="5" el="40" ec="5" bec="0" bev="0" fileid="5" />
              </SequencePoints>
              <BranchPoints />
            </Method>
            <Method visited="true" cyclomaticComplexity="0" nPathComplexity="0" sequenceCoverage="100.0" branchCoverage="0" crapScore="0" isConstructor="false" isStatic="false" isGetter="false" isSetter="false">
              <Summary numSequencePoints="2" visitedSequencePoints="2" numBranchPoints="0" visitedBranchPoints="0" sequenceCoverage="100.0" branchCoverage="0" maxCyclomaticComplexity="0" minCyclomaticComplexity="0" maxCrapScore="0" minCrapScore="0" visitedClasses="0" numClasses="0" visitedMethods="1" numMethods="1" />
              <MetadataToken>100663312</MetadataToken>
              <Name>System.Void Deck::Update()</Name>
              <FileRef uid="5" />
              <SequencePoints>
                <SequencePoint vc="957" uspid="332" ordinal="0" offset="0" sl="43" sc="5" el="43" ec="5" bec="0" bev="0" fileid="5" />
                <SequencePoint vc="957" uspid="333" ordinal="0" offset="1" sl="45" sc="5" el="45" ec="5" bec="0" bev="0" fileid="5" />
              </SequencePoints>
              <BranchPoints />
            </Method>
            <Method visited="true" cyclomaticComplexity="0" nPathComplexity="0" sequenceCoverage="100.0" branchCoverage="0" crapScore="0" isConstructor="false" isStatic="false" isGetter="false" isSetter="false">
              <Summary numSequencePoints="9" visitedSequencePoints="9" numBranchPoints="0" visitedBranchPoints="0" sequenceCoverage="100.0" branchCoverage="0" maxCyclomaticComplexity="0" minCyclomaticComplexity="0" maxCrapScore="0" minCrapScore="0" visitedClasses="0" numClasses="0" visitedMethods="1" numMethods="1" />
              <MetadataToken>100663313</MetadataToken>
              <Name>UnityEngine.GameObject Deck::DrawCard()</Name>
              <FileRef uid="5" />
              <SequencePoints>
                <SequencePoint vc="288" uspid="334" ordinal="0" offset="0" sl="48" sc="5" el="48" ec="5" bec="0" bev="0" fileid="5" />
                <SequencePoint vc="288" uspid="335" ordinal="0" offset="1" sl="49" sc="9" el="49" ec="9" bec="0" bev="0" fileid="5" />
                <SequencePoint vc="287" uspid="336" ordinal="0" offset="19" sl="50" sc="9" el="50" ec="9" bec="0" bev="0" fileid="5" />
                <SequencePoint vc="287" uspid="337" ordinal="0" offset="20" sl="51" sc="13" el="51" ec="13" bec="0" bev="0" fileid="5" />
                <SequencePoint vc="287" uspid="338" ordinal="0" offset="51" sl="52" sc="13" el="52" ec="13" bec="0" bev="0" fileid="5" />
                <SequencePoint vc="287" uspid="339" ordinal="0" offset="59" sl="53" sc="13" el="53" ec="13" bec="0" bev="0" fileid="5" />
                <SequencePoint vc="287" uspid="340" ordinal="0" offset="72" sl="54" sc="13" el="54" ec="13" bec="0" bev="0" fileid="5" />
                <SequencePoint vc="1" uspid="341" ordinal="0" offset="76" sl="57" sc="9" el="57" ec="9" bec="0" bev="0" fileid="5" />
                <SequencePoint vc="288" uspid="342" ordinal="0" offset="80" sl="58" sc="5" el="58" ec="5" bec="0" bev="0" fileid="5" />
              </SequencePoints>
              <BranchPoints />
            </Method>
            <Method visited="true" cyclomaticComplexity="0" nPathComplexity="0" sequenceCoverage="100.0" branchCoverage="0" crapScore="0" isConstructor="false" isStatic="false" isGetter="false" isSetter="false">
              <Summary numSequencePoints="10" visitedSequencePoints="10" numBranchPoints="0" visitedBranchPoints="0" sequenceCoverage="100.0" branchCoverage="0" maxCyclomaticComplexity="0" minCyclomaticComplexity="0" maxCrapScore="0" minCrapScore="0" visitedClasses="0" numClasses="0" visitedMethods="1" numMethods="1" />
              <MetadataToken>100663314</MetadataToken>
              <Name>System.Collections.Generic.List[GameObject] Deck::GetInitialHand()</Name>
              <FileRef uid="5" />
              <SequencePoints>
                <SequencePoint vc="50" uspid="343" ordinal="0" offset="0" sl="61" sc="5" el="61" ec="5" bec="0" bev="0" fileid="5" />
                <SequencePoint vc="50" uspid="344" ordinal="0" offset="1" sl="62" sc="9" el="62" ec="9" bec="0" bev="0" fileid="5" />
                <SequencePoint vc="50" uspid="345" ordinal="0" offset="7" sl="64" sc="14" el="64" ec="14" bec="0" bev="0" fileid="5" />
                <SequencePoint vc="250" uspid="346" ordinal="0" offset="11" sl="65" sc="9" el="65" ec="9" bec="0" bev="0" fileid="5" />
                <SequencePoint vc="250" uspid="347" ordinal="0" offset="12" sl="66" sc="13" el="66" ec="13" bec="0" bev="0" fileid="5" />
                <SequencePoint vc="250" uspid="348" ordinal="0" offset="25" sl="67" sc="9" el="67" ec="9" bec="0" bev="0" fileid="5" />
                <SequencePoint vc="250" uspid="349" ordinal="0" offset="26" sl="64" sc="32" el="64" ec="32" bec="0" bev="0" fileid="5" />
                <SequencePoint vc="300" uspid="350" ordinal="0" offset="30" sl="64" sc="25" el="64" ec="25" bec="0" bev="0" fileid="5" />
                <SequencePoint vc="50" uspid="351" ordinal="0" offset="38" sl="69" sc="9" el="69" ec="9" bec="0" bev="0" fileid="5" />
                <SequencePoint vc="50" uspid="352" ordinal="0" offset="42" sl="70" sc="5" el="70" ec="5" bec="0" bev="0" fileid="5" />
              </SequencePoints>
              <BranchPoints />
            </Method>
          </Methods>
        </Class>
        <Class>
          <Summary numSequencePoints="4" visitedSequencePoints="4" numBranchPoints="0" visitedBranchPoints="0" sequenceCoverage="100.0" branchCoverage="0.0" maxCyclomaticComplexity="0" minCyclomaticComplexity="0" maxCrapScore="0" minCrapScore="0" visitedClasses="1" numClasses="1" visitedMethods="2" numMethods="2" />
          <FullName>Draggable</FullName>
          <Methods>
            <Method visited="true" cyclomaticComplexity="0" nPathComplexity="0" sequenceCoverage="100.0" branchCoverage="0" crapScore="0" isConstructor="false" isStatic="false" isGetter="false" isSetter="false">
              <Summary numSequencePoints="3" visitedSequencePoints="3" numBranchPoints="0" visitedBranchPoints="0" sequenceCoverage="100.0" branchCoverage="0" maxCyclomaticComplexity="0" minCyclomaticComplexity="0" maxCrapScore="0" minCrapScore="0" visitedClasses="0" numClasses="0" visitedMethods="1" numMethods="1" />
              <MetadataToken>100663316</MetadataToken>
              <Name>System.Void Draggable::Start()</Name>
              <FileRef uid="6" />
              <SequencePoints>
                <SequencePoint vc="288" uspid="353" ordinal="0" offset="0" sl="14" sc="5" el="14" ec="5" bec="0" bev="0" fileid="6" />
                <SequencePoint vc="288" uspid="354" ordinal="0" offset="1" sl="15" sc="9" el="15" ec="9" bec="0" bev="0" fileid="6" />
                <SequencePoint vc="288" uspid="355" ordinal="0" offset="12" sl="16" sc="5" el="16" ec="5" bec="0" bev="0" fileid="6" />
              </SequencePoints>
              <BranchPoints />
            </Method>
            <Method visited="true" cyclomaticComplexity="0" nPathComplexity="0" sequenceCoverage="100.0" branchCoverage="0" crapScore="0" isConstructor="true" isStatic="false" isGetter="false" isSetter="false">
              <Summary numSequencePoints="1" visitedSequencePoints="1" numBranchPoints="0" visitedBranchPoints="0" sequenceCoverage="100.0" branchCoverage="0" maxCyclomaticComplexity="0" minCyclomaticComplexity="0" maxCrapScore="0" minCrapScore="0" visitedClasses="0" numClasses="0" visitedMethods="1" numMethods="1" />
              <MetadataToken>100663320</MetadataToken>
              <Name>Draggable::Draggable()</Name>
              <FileRef uid="6" />
              <SequencePoints>
                <SequencePoint vc="1033" uspid="389" ordinal="0" offset="0" sl="11" sc="5" el="11" ec="5" bec="0" bev="0" fileid="6" />
              </SequencePoints>
              <BranchPoints />
            </Method>
          </Methods>
        </Class>
        <Class>
          <Summary numSequencePoints="9" visitedSequencePoints="9" numBranchPoints="0" visitedBranchPoints="0" sequenceCoverage="100.0" branchCoverage="0.0" maxCyclomaticComplexity="0" minCyclomaticComplexity="0" maxCrapScore="0" minCrapScore="0" visitedClasses="1" numClasses="1" visitedMethods="3" numMethods="3" />
          <FullName>EndTurnButton</FullName>
          <Methods>
            <Method visited="true" cyclomaticComplexity="0" nPathComplexity="0" sequenceCoverage="100.0" branchCoverage="0" crapScore="0" isConstructor="false" isStatic="false" isGetter="false" isSetter="false">
              <Summary numSequencePoints="3" visitedSequencePoints="3" numBranchPoints="0" visitedBranchPoints="0" sequenceCoverage="100.0" branchCoverage="0" maxCyclomaticComplexity="0" minCyclomaticComplexity="0" maxCrapScore="0" minCrapScore="0" visitedClasses="0" numClasses="0" visitedMethods="1" numMethods="1" />
              <MetadataToken>100663321</MetadataToken>
              <Name>System.Void EndTurnButton::Start()</Name>
              <FileRef uid="7" />
              <SequencePoints>
                <SequencePoint vc="100" uspid="390" ordinal="0" offset="0" sl="13" sc="5" el="13" ec="5" bec="0" bev="0" fileid="7" />
                <SequencePoint vc="100" uspid="391" ordinal="0" offset="1" sl="14" sc="9" el="14" ec="9" bec="0" bev="0" fileid="7" />
                <SequencePoint vc="100" uspid="392" ordinal="0" offset="22" sl="15" sc="5" el="15" ec="5" bec="0" bev="0" fileid="7" />
              </SequencePoints>
              <BranchPoints />
            </Method>
            <Method visited="true" cyclomaticComplexity="0" nPathComplexity="0" sequenceCoverage="100.0" branchCoverage="0" crapScore="0" isConstructor="false" isStatic="false" isGetter="false" isSetter="false">
              <Summary numSequencePoints="4" visitedSequencePoints="4" numBranchPoints="0" visitedBranchPoints="0" sequenceCoverage="100.0" branchCoverage="0" maxCyclomaticComplexity="0" minCyclomaticComplexity="0" maxCrapScore="0" minCrapScore="0" visitedClasses="0" numClasses="0" visitedMethods="1" numMethods="1" />
              <MetadataToken>100663323</MetadataToken>
              <Name>System.Void EndTurnButton::endTurn()</Name>
              <FileRef uid="7" />
              <SequencePoints>
                <SequencePoint vc="3" uspid="397" ordinal="0" offset="0" sl="24" sc="5" el="24" ec="5" bec="0" bev="0" fileid="7" />
                <SequencePoint vc="3" uspid="398" ordinal="0" offset="1" sl="25" sc="9" el="25" ec="9" bec="0" bev="0" fileid="7" />
                <SequencePoint vc="3" uspid="399" ordinal="0" offset="8" sl="26" sc="9" el="26" ec="9" bec="0" bev="0" fileid="7" />
                <SequencePoint vc="3" uspid="400" ordinal="0" offset="20" sl="28" sc="5" el="28" ec="5" bec="0" bev="0" fileid="7" />
              </SequencePoints>
              <BranchPoints />
            </Method>
            <Method visited="true" cyclomaticComplexity="0" nPathComplexity="0" sequenceCoverage="100.0" branchCoverage="0" crapScore="0" isConstructor="true" isStatic="false" isGetter="false" isSetter="false">
              <Summary numSequencePoints="2" visitedSequencePoints="2" numBranchPoints="0" visitedBranchPoints="0" sequenceCoverage="100.0" branchCoverage="0" maxCyclomaticComplexity="0" minCyclomaticComplexity="0" maxCrapScore="0" minCrapScore="0" visitedClasses="0" numClasses="0" visitedMethods="1" numMethods="1" />
              <MetadataToken>100663324</MetadataToken>
              <Name>EndTurnButton::EndTurnButton()</Name>
              <FileRef uid="7" />
              <SequencePoints>
                <SequencePoint vc="100" uspid="401" ordinal="0" offset="0" sl="9" sc="5" el="9" ec="5" bec="0" bev="0" fileid="7" />
                <SequencePoint vc="100" uspid="402" ordinal="0" offset="7" sl="10" sc="5" el="10" ec="5" bec="0" bev="0" fileid="7" />
              </SequencePoints>
              <BranchPoints />
            </Method>
          </Methods>
        </Class>
        <Class>
          <Summary numSequencePoints="34" visitedSequencePoints="33" numBranchPoints="0" visitedBranchPoints="0" sequenceCoverage="97.06" branchCoverage="0.0" maxCyclomaticComplexity="0" minCyclomaticComplexity="0" maxCrapScore="0" minCrapScore="0" visitedClasses="1" numClasses="1" visitedMethods="3" numMethods="3" />
          <FullName>EnemyCards</FullName>
          <Methods>
            <Method visited="true" cyclomaticComplexity="0" nPathComplexity="0" sequenceCoverage="91.67" branchCoverage="0" crapScore="0" isConstructor="false" isStatic="false" isGetter="false" isSetter="false">
              <Summary numSequencePoints="12" visitedSequencePoints="11" numBranchPoints="0" visitedBranchPoints="0" sequenceCoverage="91.67" branchCoverage="0" maxCyclomaticComplexity="0" minCyclomaticComplexity="0" maxCrapScore="0" minCrapScore="0" visitedClasses="0" numClasses="0" visitedMethods="1" numMethods="1" />
              <MetadataToken>100663325</MetadataToken>
              <Name>UnityEngine.GameObject EnemyCards::PlayCard()</Name>
              <FileRef uid="8" />
              <SequencePoints>
                <SequencePoint vc="7" uspid="403" ordinal="0" offset="0" sl="16" sc="5" el="16" ec="5" bec="0" bev="0" fileid="8" />
                <SequencePoint vc="7" uspid="404" ordinal="0" offset="1" sl="18" sc="9" el="18" ec="9" bec="0" bev="0" fileid="8" />
                <SequencePoint vc="7" uspid="405" ordinal="0" offset="14" sl="19" sc="9" el="19" ec="9" bec="0" bev="0" fileid="8" />
                <SequencePoint vc="7" uspid="406" ordinal="0" offset="15" sl="20" sc="13" el="20" ec="13" bec="0" bev="0" fileid="8" />
                <SequencePoint vc="7" uspid="407" ordinal="0" offset="57" sl="21" sc="13" el="21" ec="13" bec="0" bev="0" fileid="8" />
                <SequencePoint vc="7" uspid="408" ordinal="0" offset="69" sl="22" sc="13" el="22" ec="13" bec="0" bev="0" fileid="8" />
                <SequencePoint vc="7" uspid="409" ordinal="0" offset="95" sl="23" sc="13" el="23" ec="13" bec="0" bev="0" fileid="8" />
                <SequencePoint vc="7" uspid="410" ordinal="0" offset="102" sl="24" sc="13" el="24" ec="13" bec="0" bev="0" fileid="8" />
                <SequencePoint vc="7" uspid="411" ordinal="0" offset="109" sl="25" sc="13" el="25" ec="13" bec="0" bev="0" fileid="8" />
                <SequencePoint vc="7" uspid="412" ordinal="0" offset="117" sl="26" sc="13" el="26" ec="13" bec="0" bev="0" fileid="8" />
                <SequencePoint vc="0" uspid="413" ordinal="0" offset="121" sl="29" sc="9" el="29" ec="9" bec="0" bev="0" fileid="8" />
                <SequencePoint vc="7" uspid="414" ordinal="0" offset="125" sl="30" sc="5" el="30" ec="5" bec="0" bev="0" fileid="8" />
              </SequencePoints>
              <BranchPoints />
            </Method>
            <Method visited="true" cyclomaticComplexity="0" nPathComplexity="0" sequenceCoverage="100.0" branchCoverage="0" crapScore="0" isConstructor="false" isStatic="false" isGetter="false" isSetter="false">
              <Summary numSequencePoints="19" visitedSequencePoints="19" numBranchPoints="0" visitedBranchPoints="0" sequenceCoverage="100.0" branchCoverage="0" maxCyclomaticComplexity="0" minCyclomaticComplexity="0" maxCrapScore="0" minCrapScore="0" visitedClasses="0" numClasses="0" visitedMethods="1" numMethods="1" />
              <MetadataToken>100663326</MetadataToken>
              <Name>System.Void EnemyCards::Update()</Name>
              <FileRef uid="8" />
              <SequencePoints>
                <SequencePoint vc="957" uspid="415" ordinal="0" offset="0" sl="33" sc="5" el="33" ec="5" bec="0" bev="0" fileid="8" />
                <SequencePoint vc="957" uspid="416" ordinal="0" offset="1" sl="34" sc="9" el="34" ec="9" bec="0" bev="0" fileid="8" />
                <SequencePoint vc="187" uspid="417" ordinal="0" offset="11" sl="35" sc="9" el="35" ec="9" bec="0" bev="0" fileid="8" />
                <SequencePoint vc="187" uspid="418" ordinal="0" offset="12" sl="36" sc="13" el="36" ec="13" bec="0" bev="0" fileid="8" />
                <SequencePoint vc="187" uspid="419" ordinal="0" offset="26" sl="37" sc="13" el="37" ec="13" bec="0" bev="0" fileid="8" />
                <SequencePoint vc="3" uspid="420" ordinal="0" offset="40" sl="38" sc="13" el="38" ec="13" bec="0" bev="0" fileid="8" />
                <SequencePoint vc="3" uspid="421" ordinal="0" offset="41" sl="39" sc="17" el="39" ec="17" bec="0" bev="0" fileid="8" />
                <SequencePoint vc="3" uspid="422" ordinal="0" offset="48" sl="40" sc="17" el="40" ec="17" bec="0" bev="0" fileid="8" />
                <SequencePoint vc="3" uspid="423" ordinal="0" offset="55" sl="41" sc="17" el="41" ec="17" bec="0" bev="0" fileid="8" />
                <SequencePoint vc="3" uspid="424" ordinal="0" offset="72" sl="42" sc="17" el="42" ec="17" bec="0" bev="0" fileid="8" />
                <SequencePoint vc="3" uspid="425" ordinal="0" offset="85" sl="43" sc="17" el="43" ec="17" bec="0" bev="0" fileid="8" />
                <SequencePoint vc="3" uspid="426" ordinal="0" offset="106" sl="44" sc="17" el="44" ec="17" bec="0" bev="0" fileid="8" />
                <SequencePoint vc="3" uspid="427" ordinal="0" offset="117" sl="45" sc="13" el="45" ec="13" bec="0" bev="0" fileid="8" />
                <SequencePoint vc="187" uspid="428" ordinal="0" offset="118" sl="46" sc="9" el="46" ec="9" bec="0" bev="0" fileid="8" />
                <SequencePoint vc="957" uspid="429" ordinal="0" offset="119" sl="48" sc="9" el="48" ec="9" bec="0" bev="0" fileid="8" />
                <SequencePoint vc="64" uspid="430" ordinal="0" offset="132" sl="49" sc="9" el="49" ec="9" bec="0" bev="0" fileid="8" />
                <SequencePoint vc="64" uspid="431" ordinal="0" offset="133" sl="50" sc="13" el="50" ec="13" bec="0" bev="0" fileid="8" />
                <SequencePoint vc="64" uspid="432" ordinal="0" offset="147" sl="51" sc="9" el="51" ec="9" bec="0" bev="0" fileid="8" />
                <SequencePoint vc="957" uspid="433" ordinal="0" offset="148" sl="53" sc="5" el="53" ec="5" bec="0" bev="0" fileid="8" />
              </SequencePoints>
              <BranchPoints />
            </Method>
            <Method visited="true" cyclomaticComplexity="0" nPathComplexity="0" sequenceCoverage="100.0" branchCoverage="0" crapScore="0" isConstructor="true" isStatic="false" isGetter="false" isSetter="false">
              <Summary numSequencePoints="3" visitedSequencePoints="3" numBranchPoints="0" visitedBranchPoints="0" sequenceCoverage="100.0" branchCoverage="0" maxCyclomaticComplexity="0" minCyclomaticComplexity="0" maxCrapScore="0" minCrapScore="0" visitedClasses="0" numClasses="0" visitedMethods="1" numMethods="1" />
              <MetadataToken>100663327</MetadataToken>
              <Name>EnemyCards::EnemyCards()</Name>
              <FileRef uid="8" />
              <SequencePoints>
                <SequencePoint vc="50" uspid="434" ordinal="0" offset="0" sl="8" sc="5" el="8" ec="5" bec="0" bev="0" fileid="8" />
                <SequencePoint vc="50" uspid="435" ordinal="0" offset="7" sl="12" sc="5" el="12" ec="5" bec="0" bev="0" fileid="8" />
                <SequencePoint vc="50" uspid="436" ordinal="0" offset="14" sl="13" sc="5" el="13" ec="5" bec="0" bev="0" fileid="8" />
              </SequencePoints>
              <BranchPoints />
            </Method>
          </Methods>
        </Class>
        <Class>
          <Summary numSequencePoints="3" visitedSequencePoints="3" numBranchPoints="0" visitedBranchPoints="0" sequenceCoverage="100.0" branchCoverage="0.0" maxCyclomaticComplexity="0" minCyclomaticComplexity="0" maxCrapScore="0" minCrapScore="0" visitedClasses="1" numClasses="1" visitedMethods="1" numMethods="1" />
          <FullName>FireballAction</FullName>
          <Methods>
            <Method visited="true" cyclomaticComplexity="0" nPathComplexity="0" sequenceCoverage="100.0" branchCoverage="0" crapScore="0" isConstructor="false" isStatic="false" isGetter="false" isSetter="false">
              <Summary numSequencePoints="3" visitedSequencePoints="3" numBranchPoints="0" visitedBranchPoints="0" sequenceCoverage="100.0" branchCoverage="0" maxCyclomaticComplexity="0" minCyclomaticComplexity="0" maxCrapScore="0" minCrapScore="0" visitedClasses="0" numClasses="0" visitedMethods="1" numMethods="1" />
              <MetadataToken>100663328</MetadataToken>
              <Name>System.Void FireballAction::act()</Name>
              <FileRef uid="9" />
              <SequencePoints>
                <SequencePoint vc="33" uspid="437" ordinal="0" offset="0" sl="9" sc="5" el="9" ec="5" bec="0" bev="0" fileid="9" />
                <SequencePoint vc="33" uspid="438" ordinal="0" offset="1" sl="10" sc="9" el="10" ec="9" bec="0" bev="0" fileid="9" />
                <SequencePoint vc="33" uspid="439" ordinal="0" offset="20" sl="11" sc="5" el="11" ec="5" bec="0" bev="0" fileid="9" />
              </SequencePoints>
              <BranchPoints />
            </Method>
          </Methods>
        </Class>
        <Class>
          <Summary numSequencePoints="53" visitedSequencePoints="51" numBranchPoints="0" visitedBranchPoints="0" sequenceCoverage="96.23" branchCoverage="0.0" maxCyclomaticComplexity="0" minCyclomaticComplexity="0" maxCrapScore="0" minCrapScore="0" visitedClasses="1" numClasses="1" visitedMethods="7" numMethods="7" />
          <FullName>HandScript</FullName>
          <Methods>
            <Method visited="true" cyclomaticComplexity="0" nPathComplexity="0" sequenceCoverage="100.0" branchCoverage="0" crapScore="0" isConstructor="false" isStatic="false" isGetter="false" isSetter="false">
              <Summary numSequencePoints="2" visitedSequencePoints="2" numBranchPoints="0" visitedBranchPoints="0" sequenceCoverage="100.0" branchCoverage="0" maxCyclomaticComplexity="0" minCyclomaticComplexity="0" maxCrapScore="0" minCrapScore="0" visitedClasses="0" numClasses="0" visitedMethods="1" numMethods="1" />
              <MetadataToken>100663330</MetadataToken>
              <Name>System.Void HandScript::Start()</Name>
              <FileRef uid="10" />
              <SequencePoints>
                <SequencePoint vc="50" uspid="440" ordinal="0" offset="0" sl="35" sc="5" el="35" ec="5" bec="0" bev="0" fileid="10" />
                <SequencePoint vc="50" uspid="441" ordinal="0" offset="1" sl="37" sc="5" el="37" ec="5" bec="0" bev="0" fileid="10" />
              </SequencePoints>
              <BranchPoints />
            </Method>
            <Method visited="true" cyclomaticComplexity="0" nPathComplexity="0" sequenceCoverage="100.0" branchCoverage="0" crapScore="0" isConstructor="false" isStatic="false" isGetter="false" isSetter="false">
              <Summary numSequencePoints="10" visitedSequencePoints="10" numBranchPoints="0" visitedBranchPoints="0" sequenceCoverage="100.0" branchCoverage="0" maxCyclomaticComplexity="0" minCyclomaticComplexity="0" maxCrapScore="0" minCrapScore="0" visitedClasses="0" numClasses="0" visitedMethods="1" numMethods="1" />
              <MetadataToken>100663331</MetadataToken>
              <Name>System.Void HandScript::organizeCards()</Name>
              <FileRef uid="10" />
              <SequencePoints>
                <SequencePoint vc="51" uspid="442" ordinal="0" offset="0" sl="41" sc="5" el="41" ec="5" bec="0" bev="0" fileid="10" />
                <SequencePoint vc="51" uspid="443" ordinal="0" offset="1" sl="42" sc="9" el="42" ec="9" bec="0" bev="0" fileid="10" />
                <SequencePoint vc="51" uspid="444" ordinal="0" offset="2" sl="42" sc="29" el="42" ec="29" bec="0" bev="0" fileid="10" />
                <SequencePoint vc="255" uspid="445" ordinal="0" offset="16" sl="42" sc="17" el="42" ec="17" bec="0" bev="0" fileid="10" />
                <SequencePoint vc="255" uspid="446" ordinal="0" offset="24" sl="43" sc="9" el="43" ec="9" bec="0" bev="0" fileid="10" />
                <SequencePoint vc="255" uspid="447" ordinal="0" offset="25" sl="44" sc="13" el="44" ec="13" bec="0" bev="0" fileid="10" />
                <SequencePoint vc="255" uspid="448" ordinal="0" offset="32" sl="45" sc="13" el="45" ec="13" bec="0" bev="0" fileid="10" />
                <SequencePoint vc="255" uspid="449" ordinal="0" offset="40" sl="46" sc="9" el="46" ec="9" bec="0" bev="0" fileid="10" />
                <SequencePoint vc="306" uspid="450" ordinal="0" offset="41" sl="42" sc="26" el="42" ec="26" bec="0" bev="0" fileid="10" />
                <SequencePoint vc="51" uspid="451" ordinal="0" offset="67" sl="47" sc="5" el="47" ec="5" bec="0" bev="0" fileid="10" />
              </SequencePoints>
              <BranchPoints />
            </Method>
            <Method visited="true" cyclomaticComplexity="0" nPathComplexity="0" sequenceCoverage="100.0" branchCoverage="0" crapScore="0" isConstructor="false" isStatic="false" isGetter="false" isSetter="false">
              <Summary numSequencePoints="4" visitedSequencePoints="4" numBranchPoints="0" visitedBranchPoints="0" sequenceCoverage="100.0" branchCoverage="0" maxCyclomaticComplexity="0" minCyclomaticComplexity="0" maxCrapScore="0" minCrapScore="0" visitedClasses="0" numClasses="0" visitedMethods="1" numMethods="1" />
              <MetadataToken>100663332</MetadataToken>
              <Name>System.Void HandScript::fitCard(UnityEngine.GameObject)</Name>
              <FileRef uid="10" />
              <SequencePoints>
                <SequencePoint vc="1" uspid="452" ordinal="0" offset="0" sl="50" sc="5" el="50" ec="5" bec="0" bev="0" fileid="10" />
                <SequencePoint vc="1" uspid="453" ordinal="0" offset="1" sl="51" sc="9" el="51" ec="9" bec="0" bev="0" fileid="10" />
                <SequencePoint vc="1" uspid="454" ordinal="0" offset="8" sl="52" sc="9" el="52" ec="9" bec="0" bev="0" fileid="10" />
                <SequencePoint vc="1" uspid="455" ordinal="0" offset="16" sl="53" sc="5" el="53" ec="5" bec="0" bev="0" fileid="10" />
              </SequencePoints>
              <BranchPoints />
            </Method>
            <Method visited="true" cyclomaticComplexity="0" nPathComplexity="0" sequenceCoverage="91.67" branchCoverage="0" crapScore="0" isConstructor="false" isStatic="false" isGetter="false" isSetter="false">
              <Summary numSequencePoints="12" visitedSequencePoints="11" numBranchPoints="0" visitedBranchPoints="0" sequenceCoverage="91.67" branchCoverage="0" maxCyclomaticComplexity="0" minCyclomaticComplexity="0" maxCrapScore="0" minCrapScore="0" visitedClasses="0" numClasses="0" visitedMethods="1" numMethods="1" />
              <MetadataToken>100663333</MetadataToken>
              <Name>HandScript/Slot HandScript::findSlot()</Name>
              <FileRef uid="10" />
              <SequencePoints>
                <SequencePoint vc="257" uspid="456" ordinal="0" offset="0" sl="56" sc="5" el="56" ec="5" bec="0" bev="0" fileid="10" />
                <SequencePoint vc="257" uspid="457" ordinal="0" offset="1" sl="57" sc="9" el="57" ec="9" bec="0" bev="0" fileid="10" />
                <SequencePoint vc="257" uspid="458" ordinal="0" offset="2" sl="57" sc="30" el="57" ec="30" bec="0" bev="0" fileid="10" />
                <SequencePoint vc="781" uspid="459" ordinal="0" offset="16" sl="57" sc="18" el="57" ec="18" bec="0" bev="0" fileid="10" />
                <SequencePoint vc="781" uspid="460" ordinal="0" offset="24" sl="58" sc="9" el="58" ec="9" bec="0" bev="0" fileid="10" />
                <SequencePoint vc="781" uspid="461" ordinal="0" offset="25" sl="59" sc="13" el="59" ec="13" bec="0" bev="0" fileid="10" />
                <SequencePoint vc="257" uspid="462" ordinal="0" offset="60" sl="60" sc="13" el="60" ec="13" bec="0" bev="0" fileid="10" />
                <SequencePoint vc="257" uspid="463" ordinal="0" offset="61" sl="61" sc="17" el="61" ec="17" bec="0" bev="0" fileid="10" />
                <SequencePoint vc="524" uspid="464" ordinal="0" offset="65" sl="63" sc="9" el="63" ec="9" bec="0" bev="0" fileid="10" />
                <SequencePoint vc="781" uspid="465" ordinal="0" offset="66" sl="57" sc="27" el="57" ec="27" bec="0" bev="0" fileid="10" />
                <SequencePoint vc="0" uspid="466" ordinal="0" offset="92" sl="65" sc="9" el="65" ec="9" bec="0" bev="0" fileid="10" />
                <SequencePoint vc="257" uspid="467" ordinal="0" offset="96" sl="66" sc="5" el="66" ec="5" bec="0" bev="0" fileid="10" />
              </SequencePoints>
              <BranchPoints />
            </Method>
            <Method visited="true" cyclomaticComplexity="0" nPathComplexity="0" sequenceCoverage="100.0" branchCoverage="0" crapScore="0" isConstructor="false" isStatic="false" isGetter="false" isSetter="false">
              <Summary numSequencePoints="12" visitedSequencePoints="12" numBranchPoints="0" visitedBranchPoints="0" sequenceCoverage="100.0" branchCoverage="0" maxCyclomaticComplexity="0" minCyclomaticComplexity="0" maxCrapScore="0" minCrapScore="0" visitedClasses="0" numClasses="0" visitedMethods="1" numMethods="1" />
              <MetadataToken>100663334</MetadataToken>
              <Name>System.Void HandScript::pickUp(UnityEngine.GameObject)</Name>
              <FileRef uid="10" />
              <SequencePoints>
                <SequencePoint vc="2" uspid="468" ordinal="0" offset="0" sl="69" sc="5" el="69" ec="5" bec="0" bev="0" fileid="10" />
                <SequencePoint vc="2" uspid="469" ordinal="0" offset="1" sl="70" sc="9" el="70" ec="9" bec="0" bev="0" fileid="10" />
                <SequencePoint vc="2" uspid="470" ordinal="0" offset="2" sl="70" sc="30" el="70" ec="30" bec="0" bev="0" fileid="10" />
                <SequencePoint vc="8" uspid="471" ordinal="0" offset="16" sl="70" sc="18" el="70" ec="18" bec="0" bev="0" fileid="10" />
                <SequencePoint vc="8" uspid="472" ordinal="0" offset="24" sl="71" sc="9" el="71" ec="9" bec="0" bev="0" fileid="10" />
                <SequencePoint vc="8" uspid="473" ordinal="0" offset="25" sl="72" sc="13" el="72" ec="13" bec="0" bev="0" fileid="10" />
                <SequencePoint vc="2" uspid="474" ordinal="0" offset="41" sl="73" sc="13" el="73" ec="13" bec="0" bev="0" fileid="10" />
                <SequencePoint vc="2" uspid="475" ordinal="0" offset="42" sl="74" sc="17" el="74" ec="17" bec="0" bev="0" fileid="10" />
                <SequencePoint vc="2" uspid="476" ordinal="0" offset="49" sl="75" sc="17" el="75" ec="17" bec="0" bev="0" fileid="10" />
                <SequencePoint vc="6" uspid="477" ordinal="0" offset="51" sl="77" sc="9" el="77" ec="9" bec="0" bev="0" fileid="10" />
                <SequencePoint vc="8" uspid="478" ordinal="0" offset="52" sl="70" sc="27" el="70" ec="27" bec="0" bev="0" fileid="10" />
                <SequencePoint vc="2" uspid="479" ordinal="0" offset="78" sl="78" sc="5" el="78" ec="5" bec="0" bev="0" fileid="10" />
              </SequencePoints>
              <BranchPoints />
            </Method>
            <Method visited="true" cyclomaticComplexity="0" nPathComplexity="0" sequenceCoverage="91.67" branchCoverage="0" crapScore="0" isConstructor="false" isStatic="false" isGetter="false" isSetter="false">
              <Summary numSequencePoints="12" visitedSequencePoints="11" numBranchPoints="0" visitedBranchPoints="0" sequenceCoverage="91.67" branchCoverage="0" maxCyclomaticComplexity="0" minCyclomaticComplexity="0" maxCrapScore="0" minCrapScore="0" visitedClasses="0" numClasses="0" visitedMethods="1" numMethods="1" />
              <MetadataToken>100663335</MetadataToken>
              <Name>HandScript/Slot HandScript::FindCardSlot(UnityEngine.GameObject)</Name>
              <FileRef uid="10" />
              <SequencePoints>
                <SequencePoint vc="2" uspid="480" ordinal="0" offset="0" sl="81" sc="5" el="81" ec="5" bec="0" bev="0" fileid="10" />
                <SequencePoint vc="2" uspid="481" ordinal="0" offset="1" sl="82" sc="9" el="82" ec="9" bec="0" bev="0" fileid="10" />
                <SequencePoint vc="2" uspid="482" ordinal="0" offset="2" sl="82" sc="30" el="82" ec="30" bec="0" bev="0" fileid="10" />
                <SequencePoint vc="5" uspid="483" ordinal="0" offset="16" sl="82" sc="18" el="82" ec="18" bec="0" bev="0" fileid="10" />
                <SequencePoint vc="5" uspid="484" ordinal="0" offset="24" sl="83" sc="9" el="83" ec="9" bec="0" bev="0" fileid="10" />
                <SequencePoint vc="5" uspid="485" ordinal="0" offset="25" sl="84" sc="13" el="84" ec="13" bec="0" bev="0" fileid="10" />
                <SequencePoint vc="2" uspid="486" ordinal="0" offset="41" sl="85" sc="13" el="85" ec="13" bec="0" bev="0" fileid="10" />
                <SequencePoint vc="2" uspid="487" ordinal="0" offset="42" sl="86" sc="17" el="86" ec="17" bec="0" bev="0" fileid="10" />
                <SequencePoint vc="3" uspid="488" ordinal="0" offset="46" sl="88" sc="9" el="88" ec="9" bec="0" bev="0" fileid="10" />
                <SequencePoint vc="5" uspid="489" ordinal="0" offset="47" sl="82" sc="27" el="82" ec="27" bec="0" bev="0" fileid="10" />
                <SequencePoint vc="0" uspid="490" ordinal="0" offset="73" sl="90" sc="9" el="90" ec="9" bec="0" bev="0" fileid="10" />
                <SequencePoint vc="2" uspid="491" ordinal="0" offset="77" sl="91" sc="5" el="91" ec="5" bec="0" bev="0" fileid="10" />
              </SequencePoints>
              <BranchPoints />
            </Method>
            <Method visited="true" cyclomaticComplexity="0" nPathComplexity="0" sequenceCoverage="100.0" branchCoverage="0" crapScore="0" isConstructor="true" isStatic="false" isGetter="false" isSetter="false">
              <Summary numSequencePoints="1" visitedSequencePoints="1" numBranchPoints="0" visitedBranchPoints="0" sequenceCoverage="100.0" branchCoverage="0" maxCyclomaticComplexity="0" minCyclomaticComplexity="0" maxCrapScore="0" minCrapScore="0" visitedClasses="0" numClasses="0" visitedMethods="1" numMethods="1" />
              <MetadataToken>100663336</MetadataToken>
              <Name>HandScript::HandScript()</Name>
              <FileRef uid="10" />
              <SequencePoints>
                <SequencePoint vc="50" uspid="492" ordinal="0" offset="0" sl="9" sc="5" el="9" ec="5" bec="0" bev="0" fileid="10" />
              </SequencePoints>
              <BranchPoints />
            </Method>
          </Methods>
        </Class>
        <Class>
          <Summary numSequencePoints="3" visitedSequencePoints="3" numBranchPoints="0" visitedBranchPoints="0" sequenceCoverage="100.0" branchCoverage="0.0" maxCyclomaticComplexity="0" minCyclomaticComplexity="0" maxCrapScore="0" minCrapScore="0" visitedClasses="1" numClasses="1" visitedMethods="1" numMethods="1" />
          <FullName>HealAction</FullName>
          <Methods>
            <Method visited="true" cyclomaticComplexity="0" nPathComplexity="0" sequenceCoverage="100.0" branchCoverage="0" crapScore="0" isConstructor="false" isStatic="false" isGetter="false" isSetter="false">
              <Summary numSequencePoints="3" visitedSequencePoints="3" numBranchPoints="0" visitedBranchPoints="0" sequenceCoverage="100.0" branchCoverage="0" maxCyclomaticComplexity="0" minCyclomaticComplexity="0" maxCrapScore="0" minCrapScore="0" visitedClasses="0" numClasses="0" visitedMethods="1" numMethods="1" />
              <MetadataToken>100663337</MetadataToken>
              <Name>System.Void HealAction::act()</Name>
              <FileRef uid="11" />
              <SequencePoints>
                <SequencePoint vc="3" uspid="493" ordinal="0" offset="0" sl="8" sc="5" el="8" ec="5" bec="0" bev="0" fileid="11" />
                <SequencePoint vc="3" uspid="494" ordinal="0" offset="1" sl="9" sc="9" el="9" ec="9" bec="0" bev="0" fileid="11" />
                <SequencePoint vc="3" uspid="495" ordinal="0" offset="19" sl="10" sc="5" el="10" ec="5" bec="0" bev="0" fileid="11" />
              </SequencePoints>
              <BranchPoints />
            </Method>
          </Methods>
        </Class>
        <Class>
          <Summary numSequencePoints="18" visitedSequencePoints="18" numBranchPoints="0" visitedBranchPoints="0" sequenceCoverage="100.0" branchCoverage="0.0" maxCyclomaticComplexity="0" minCyclomaticComplexity="0" maxCrapScore="0" minCrapScore="0" visitedClasses="1" numClasses="1" visitedMethods="2" numMethods="2" />
          <FullName>Health</FullName>
          <Methods>
            <Method visited="true" cyclomaticComplexity="0" nPathComplexity="0" sequenceCoverage="100.0" branchCoverage="0" crapScore="0" isConstructor="false" isStatic="false" isGetter="false" isSetter="false">
              <Summary numSequencePoints="17" visitedSequencePoints="17" numBranchPoints="0" visitedBranchPoints="0" sequenceCoverage="100.0" branchCoverage="0" maxCyclomaticComplexity="0" minCyclomaticComplexity="0" maxCrapScore="0" minCrapScore="0" visitedClasses="0" numClasses="0" visitedMethods="1" numMethods="1" />
              <MetadataToken>100663339</MetadataToken>
              <Name>System.Void Health::addHealth(System.Int32)</Name>
              <FileRef uid="12" />
              <SequencePoints>
                <SequencePoint vc="39" uspid="496" ordinal="0" offset="0" sl="13" sc="5" el="13" ec="5" bec="0" bev="0" fileid="12" />
                <SequencePoint vc="39" uspid="497" ordinal="0" offset="1" sl="15" sc="9" el="15" ec="9" bec="0" bev="0" fileid="12" />
                <SequencePoint vc="37" uspid="498" ordinal="0" offset="20" sl="16" sc="13" el="16" ec="13" bec="0" bev="0" fileid="12" />
                <SequencePoint vc="2" uspid="499" ordinal="0" offset="36" sl="18" sc="13" el="18" ec="13" bec="0" bev="0" fileid="12" />
                <SequencePoint vc="39" uspid="500" ordinal="0" offset="47" sl="20" sc="9" el="20" ec="9" bec="0" bev="0" fileid="12" />
                <SequencePoint vc="39" uspid="501" ordinal="0" offset="80" sl="22" sc="9" el="22" ec="9" bec="0" bev="0" fileid="12" />
                <SequencePoint vc="35" uspid="502" ordinal="0" offset="91" sl="23" sc="9" el="23" ec="9" bec="0" bev="0" fileid="12" />
                <SequencePoint vc="35" uspid="503" ordinal="0" offset="92" sl="24" sc="13" el="24" ec="13" bec="0" bev="0" fileid="12" />
                <SequencePoint vc="4" uspid="504" ordinal="0" offset="112" sl="25" sc="13" el="25" ec="13" bec="0" bev="0" fileid="12" />
                <SequencePoint vc="4" uspid="505" ordinal="0" offset="113" sl="26" sc="17" el="26" ec="17" bec="0" bev="0" fileid="12" />
                <SequencePoint vc="4" uspid="506" ordinal="0" offset="130" sl="27" sc="13" el="27" ec="13" bec="0" bev="0" fileid="12" />
                <SequencePoint vc="35" uspid="507" ordinal="0" offset="131" sl="29" sc="13" el="29" ec="13" bec="0" bev="0" fileid="12" />
                <SequencePoint vc="31" uspid="508" ordinal="0" offset="151" sl="30" sc="13" el="30" ec="13" bec="0" bev="0" fileid="12" />
                <SequencePoint vc="31" uspid="509" ordinal="0" offset="152" sl="31" sc="17" el="31" ec="17" bec="0" bev="0" fileid="12" />
                <SequencePoint vc="31" uspid="510" ordinal="0" offset="169" sl="32" sc="13" el="32" ec="13" bec="0" bev="0" fileid="12" />
                <SequencePoint vc="35" uspid="511" ordinal="0" offset="170" sl="33" sc="9" el="33" ec="9" bec="0" bev="0" fileid="12" />
                <SequencePoint vc="39" uspid="512" ordinal="0" offset="171" sl="34" sc="5" el="34" ec="5" bec="0" bev="0" fileid="12" />
              </SequencePoints>
              <BranchPoints />
            </Method>
            <Method visited="true" cyclomaticComplexity="0" nPathComplexity="0" sequenceCoverage="100.0" branchCoverage="0" crapScore="0" isConstructor="true" isStatic="false" isGetter="false" isSetter="false">
              <Summary numSequencePoints="1" visitedSequencePoints="1" numBranchPoints="0" visitedBranchPoints="0" sequenceCoverage="100.0" branchCoverage="0" maxCyclomaticComplexity="0" minCyclomaticComplexity="0" maxCrapScore="0" minCrapScore="0" visitedClasses="0" numClasses="0" visitedMethods="1" numMethods="1" />
              <MetadataToken>100663340</MetadataToken>
              <Name>Health::Health()</Name>
              <FileRef uid="12" />
              <SequencePoints>
                <SequencePoint vc="200" uspid="513" ordinal="0" offset="0" sl="8" sc="5" el="8" ec="5" bec="0" bev="0" fileid="12" />
              </SequencePoints>
              <BranchPoints />
            </Method>
          </Methods>
        </Class>
        <Class>
          <Summary numSequencePoints="19" visitedSequencePoints="19" numBranchPoints="0" visitedBranchPoints="0" sequenceCoverage="100.0" branchCoverage="0.0" maxCyclomaticComplexity="0" minCyclomaticComplexity="0" maxCrapScore="0" minCrapScore="0" visitedClasses="1" numClasses="1" visitedMethods="4" numMethods="4" />
          <FullName>RoundManager</FullName>
          <Methods>
            <Method visited="true" cyclomaticComplexity="0" nPathComplexity="0" sequenceCoverage="100.0" branchCoverage="0" crapScore="0" isConstructor="false" isStatic="false" isGetter="false" isSetter="false">
              <Summary numSequencePoints="11" visitedSequencePoints="11" numBranchPoints="0" visitedBranchPoints="0" sequenceCoverage="100.0" branchCoverage="0" maxCyclomaticComplexity="0" minCyclomaticComplexity="0" maxCrapScore="0" minCrapScore="0" visitedClasses="0" numClasses="0" visitedMethods="1" numMethods="1" />
              <MetadataToken>100663341</MetadataToken>
              <Name>System.Void RoundManager::Start()</Name>
              <FileRef uid="13" />
              <SequencePoints>
                <SequencePoint vc="50" uspid="514" ordinal="0" offset="0" sl="14" sc="5" el="14" ec="5" bec="0" bev="0" fileid="13" />
                <SequencePoint vc="50" uspid="515" ordinal="0" offset="1" sl="15" sc="9" el="15" ec="9" bec="0" bev="0" fileid="13" />
                <SequencePoint vc="50" uspid="516" ordinal="0" offset="12" sl="16" sc="9" el="16" ec="9" bec="0" bev="0" fileid="13" />
                <SequencePoint vc="50" uspid="517" ordinal="0" offset="29" sl="17" sc="14" el="17" ec="14" bec="0" bev="0" fileid="13" />
                <SequencePoint vc="500" uspid="518" ordinal="0" offset="33" sl="18" sc="9" el="18" ec="9" bec="0" bev="0" fileid="13" />
                <SequencePoint vc="500" uspid="519" ordinal="0" offset="34" sl="19" sc="13" el="19" ec="13" bec="0" bev="0" fileid="13" />
                <SequencePoint vc="500" uspid="520" ordinal="0" offset="57" sl="20" sc="9" el="20" ec="9" bec="0" bev="0" fileid="13" />
                <SequencePoint vc="500" uspid="521" ordinal="0" offset="58" sl="17" sc="52" el="17" ec="52" bec="0" bev="0" fileid="13" />
                <SequencePoint vc="550" uspid="522" ordinal="0" offset="62" sl="17" sc="25" el="17" ec="25" bec="0" bev="0" fileid="13" />
                <SequencePoint vc="50" uspid="523" ordinal="0" offset="74" sl="21" sc="9" el="21" ec="9" bec="0" bev="0" fileid="13" />
                <SequencePoint vc="50" uspid="524" ordinal="0" offset="86" sl="22" sc="5" el="22" ec="5" bec="0" bev="0" fileid="13" />
              </SequencePoints>
              <BranchPoints />
            </Method>
            <Method visited="true" cyclomaticComplexity="0" nPathComplexity="0" sequenceCoverage="100.0" branchCoverage="0" crapScore="0" isConstructor="false" isStatic="false" isGetter="false" isSetter="false">
              <Summary numSequencePoints="4" visitedSequencePoints="4" numBranchPoints="0" visitedBranchPoints="0" sequenceCoverage="100.0" branchCoverage="0" maxCyclomaticComplexity="0" minCyclomaticComplexity="0" maxCrapScore="0" minCrapScore="0" visitedClasses="0" numClasses="0" visitedMethods="1" numMethods="1" />
              <MetadataToken>100663342</MetadataToken>
              <Name>System.Void RoundManager::NextTurn()</Name>
              <FileRef uid="13" />
              <SequencePoints>
                <SequencePoint vc="4" uspid="525" ordinal="0" offset="0" sl="25" sc="5" el="25" ec="5" bec="0" bev="0" fileid="13" />
                <SequencePoint vc="4" uspid="526" ordinal="0" offset="1" sl="26" sc="9" el="26" ec="9" bec="0" bev="0" fileid="13" />
                <SequencePoint vc="4" uspid="527" ordinal="0" offset="13" sl="27" sc="9" el="27" ec="9" bec="0" bev="0" fileid="13" />
                <SequencePoint vc="4" uspid="528" ordinal="0" offset="20" sl="28" sc="5" el="28" ec="5" bec="0" bev="0" fileid="13" />
              </SequencePoints>
              <BranchPoints />
            </Method>
            <Method visited="true" cyclomaticComplexity="0" nPathComplexity="0" sequenceCoverage="100.0" branchCoverage="0" crapScore="0" isConstructor="false" isStatic="false" isGetter="false" isSetter="false">
              <Summary numSequencePoints="3" visitedSequencePoints="3" numBranchPoints="0" visitedBranchPoints="0" sequenceCoverage="100.0" branchCoverage="0" maxCyclomaticComplexity="0" minCyclomaticComplexity="0" maxCrapScore="0" minCrapScore="0" visitedClasses="0" numClasses="0" visitedMethods="1" numMethods="1" />
              <MetadataToken>100663343</MetadataToken>
              <Name>System.Collections.Generic.List[GameObject] RoundManager::GetInitialHand()</Name>
              <FileRef uid="13" />
              <SequencePoints>
                <SequencePoint vc="50" uspid="529" ordinal="0" offset="0" sl="31" sc="5" el="31" ec="5" bec="0" bev="0" fileid="13" />
                <SequencePoint vc="50" uspid="530" ordinal="0" offset="1" sl="32" sc="9" el="32" ec="9" bec="0" bev="0" fileid="13" />
                <SequencePoint vc="50" uspid="531" ordinal="0" offset="15" sl="33" sc="5" el="33" ec="5" bec="0" bev="0" fileid="13" />
              </SequencePoints>
              <BranchPoints />
            </Method>
            <Method visited="true" cyclomaticComplexity="0" nPathComplexity="0" sequenceCoverage="100.0" branchCoverage="0" crapScore="0" isConstructor="true" isStatic="false" isGetter="false" isSetter="false">
              <Summary numSequencePoints="1" visitedSequencePoints="1" numBranchPoints="0" visitedBranchPoints="0" sequenceCoverage="100.0" branchCoverage="0" maxCyclomaticComplexity="0" minCyclomaticComplexity="0" maxCrapScore="0" minCrapScore="0" visitedClasses="0" numClasses="0" visitedMethods="1" numMethods="1" />
              <MetadataToken>100663344</MetadataToken>
              <Name>RoundManager::RoundManager()</Name>
              <FileRef uid="13" />
              <SequencePoints>
                <SequencePoint vc="50" uspid="532" ordinal="0" offset="0" sl="11" sc="5" el="11" ec="5" bec="0" bev="0" fileid="13" />
              </SequencePoints>
              <BranchPoints />
            </Method>
          </Methods>
        </Class>
        <Class>
          <Summary numSequencePoints="12" visitedSequencePoints="12" numBranchPoints="0" visitedBranchPoints="0" sequenceCoverage="100.0" branchCoverage="0.0" maxCyclomaticComplexity="0" minCyclomaticComplexity="0" maxCrapScore="0" minCrapScore="0" visitedClasses="1" numClasses="1" visitedMethods="3" numMethods="3" />
          <FullName>HandScript/Slot</FullName>
          <Methods>
            <Method visited="true" cyclomaticComplexity="0" nPathComplexity="0" sequenceCoverage="100.0" branchCoverage="0" crapScore="0" isConstructor="false" isStatic="false" isGetter="false" isSetter="false">
              <Summary numSequencePoints="4" visitedSequencePoints="4" numBranchPoints="0" visitedBranchPoints="0" sequenceCoverage="100.0" branchCoverage="0" maxCyclomaticComplexity="0" minCyclomaticComplexity="0" maxCrapScore="0" minCrapScore="0" visitedClasses="0" numClasses="0" visitedMethods="1" numMethods="1" />
              <MetadataToken>100663346</MetadataToken>
              <Name>System.Void HandScript/Slot::setCard(UnityEngine.GameObject)</Name>
              <FileRef uid="10" />
              <SequencePoints>
                <SequencePoint vc="256" uspid="533" ordinal="0" offset="0" sl="22" sc="9" el="22" ec="9" bec="0" bev="0" fileid="10" />
                <SequencePoint vc="256" uspid="534" ordinal="0" offset="1" sl="23" sc="13" el="23" ec="13" bec="0" bev="0" fileid="10" />
                <SequencePoint vc="256" uspid="535" ordinal="0" offset="8" sl="24" sc="13" el="24" ec="13" bec="0" bev="0" fileid="10" />
                <SequencePoint vc="256" uspid="536" ordinal="0" offset="15" sl="25" sc="9" el="25" ec="9" bec="0" bev="0" fileid="10" />
              </SequencePoints>
              <BranchPoints />
            </Method>
            <Method visited="true" cyclomaticComplexity="0" nPathComplexity="0" sequenceCoverage="100.0" branchCoverage="0" crapScore="0" isConstructor="false" isStatic="false" isGetter="false" isSetter="false">
              <Summary numSequencePoints="4" visitedSequencePoints="4" numBranchPoints="0" visitedBranchPoints="0" sequenceCoverage="100.0" branchCoverage="0" maxCyclomaticComplexity="0" minCyclomaticComplexity="0" maxCrapScore="0" minCrapScore="0" visitedClasses="0" numClasses="0" visitedMethods="1" numMethods="1" />
              <MetadataToken>100663347</MetadataToken>
              <Name>System.Void HandScript/Slot::PositionCard()</Name>
              <FileRef uid="10" />
              <SequencePoints>
                <SequencePoint vc="256" uspid="537" ordinal="0" offset="0" sl="28" sc="9" el="28" ec="9" bec="0" bev="0" fileid="10" />
                <SequencePoint vc="256" uspid="538" ordinal="0" offset="1" sl="29" sc="13" el="29" ec="13" bec="0" bev="0" fileid="10" />
                <SequencePoint vc="256" uspid="539" ordinal="0" offset="13" sl="30" sc="13" el="30" ec="13" bec="0" bev="0" fileid="10" />
                <SequencePoint vc="256" uspid="540" ordinal="0" offset="41" sl="31" sc="9" el="31" ec="9" bec="0" bev="0" fileid="10" />
              </SequencePoints>
              <BranchPoints />
            </Method>
            <Method visited="true" cyclomaticComplexity="0" nPathComplexity="0" sequenceCoverage="100.0" branchCoverage="0" crapScore="0" isConstructor="true" isStatic="false" isGetter="false" isSetter="false">
              <Summary numSequencePoints="4" visitedSequencePoints="4" numBranchPoints="0" visitedBranchPoints="0" sequenceCoverage="100.0" branchCoverage="0" maxCyclomaticComplexity="0" minCyclomaticComplexity="0" maxCrapScore="0" minCrapScore="0" visitedClasses="0" numClasses="0" visitedMethods="1" numMethods="1" />
              <MetadataToken>100663345</MetadataToken>
              <Name>HandScript/Slot::Slot(System.Int32)</Name>
              <FileRef uid="10" />
              <SequencePoints>
                <SequencePoint vc="500" uspid="541" ordinal="0" offset="0" sl="16" sc="9" el="16" ec="9" bec="0" bev="0" fileid="10" />
                <SequencePoint vc="500" uspid="542" ordinal="0" offset="7" sl="17" sc="9" el="17" ec="9" bec="0" bev="0" fileid="10" />
                <SequencePoint vc="500" uspid="543" ordinal="0" offset="8" sl="18" sc="13" el="18" ec="13" bec="0" bev="0" fileid="10" />
                <SequencePoint vc="500" uspid="544" ordinal="0" offset="15" sl="19" sc="9" el="19" ec="9" bec="0" bev="0" fileid="10" />
              </SequencePoints>
              <BranchPoints />
            </Method>
          </Methods>
        </Class>
      </Classes>
    </Module>
  </Modules>
</CoverageSession>