<?xml version="1.0" encoding="utf-8"?>
<CoverageSession xmlns:xsd="http://www.w3.org/2001/XMLSchema" xmlns:xsi="http://www.w3.org/2001/XMLSchema-instance" Version="0.0.0.0">
  <Summary numSequencePoints="214" visitedSequencePoints="152" numBranchPoints="0" visitedBranchPoints="0" sequenceCoverage="71.03" branchCoverage="0.0" maxCyclomaticComplexity="0" minCyclomaticComplexity="0" maxCrapScore="0" minCrapScore="0" visitedClasses="11" numClasses="11" visitedMethods="31" numMethods="31" />
  <Modules>
    <Module>
      <Summary numSequencePoints="214" visitedSequencePoints="152" numBranchPoints="0" visitedBranchPoints="0" sequenceCoverage="71.03" branchCoverage="0.0" maxCyclomaticComplexity="0" minCyclomaticComplexity="0" maxCrapScore="0" minCrapScore="0" visitedClasses="11" numClasses="11" visitedMethods="31" numMethods="31" />
      <ModuleTime>0001-01-01T00:00:00</ModuleTime>
      <ModuleName>Scripts</ModuleName>
      <Files>
        <File uid="1" fullPath="C:/Users/Gean/Desktop/testes/New Unity Project/Assets/Scripts/CardAction.cs" />
        <File uid="2" fullPath="C:/Users/Gean/Desktop/testes/New Unity Project/Assets/Scripts/CardPlayer.cs" />
        <File uid="3" fullPath="C:/Users/Gean/Desktop/testes/New Unity Project/Assets/Scripts/CardScript.cs" />
        <File uid="4" fullPath="C:/Users/Gean/Desktop/testes/New Unity Project/Assets/Scripts/Constants.cs" />
        <File uid="5" fullPath="C:/Users/Gean/Desktop/testes/New Unity Project/Assets/Scripts/Deck.cs" />
        <File uid="6" fullPath="C:/Users/Gean/Desktop/testes/New Unity Project/Assets/Scripts/Draggable.cs" />
        <File uid="7" fullPath="C:/Users/Gean/Desktop/testes/New Unity Project/Assets/Scripts/EndTurnButton.cs" />
        <File uid="8" fullPath="C:/Users/Gean/Desktop/testes/New Unity Project/Assets/Scripts/EnemyCards.cs" />
        <File uid="9" fullPath="C:/Users/Gean/Desktop/testes/New Unity Project/Assets/Scripts/FakeConnection.cs" />
        <File uid="10" fullPath="C:/Users/Gean/Desktop/testes/New Unity Project/Assets/Scripts/FireballAction.cs" />
        <File uid="11" fullPath="C:/Users/Gean/Desktop/testes/New Unity Project/Assets/Scripts/HandScript.cs" />
        <File uid="12" fullPath="C:/Users/Gean/Desktop/testes/New Unity Project/Assets/Scripts/HealAction.cs" />
        <File uid="13" fullPath="C:/Users/Gean/Desktop/testes/New Unity Project/Assets/Scripts/Health.cs" />
        <File uid="14" fullPath="C:/Users/Gean/Desktop/testes/New Unity Project/Assets/Scripts/RoundManager.cs" />
      </Files>
      <Classes>
        <Class>
          <Summary numSequencePoints="6" visitedSequencePoints="6" numBranchPoints="0" visitedBranchPoints="0" sequenceCoverage="100.0" branchCoverage="0.0" maxCyclomaticComplexity="0" minCyclomaticComplexity="0" maxCrapScore="0" minCrapScore="0" visitedClasses="1" numClasses="1" visitedMethods="2" numMethods="2" />
          <FullName>CardScript</FullName>
          <Methods>
            <Method visited="true" cyclomaticComplexity="0" nPathComplexity="0" sequenceCoverage="100.0" branchCoverage="0" crapScore="0" isConstructor="false" isStatic="false" isGetter="false" isSetter="false">
              <Summary numSequencePoints="5" visitedSequencePoints="5" numBranchPoints="0" visitedBranchPoints="0" sequenceCoverage="100.0" branchCoverage="0" maxCyclomaticComplexity="0" minCyclomaticComplexity="0" maxCrapScore="0" minCrapScore="0" visitedClasses="0" numClasses="0" visitedMethods="1" numMethods="1" />
              <MetadataToken>100663305</MetadataToken>
              <Name>System.Void CardScript::Start()</Name>
              <FileRef uid="3" />
              <SequencePoints>
                <SequencePoint vc="5" uspid="13" ordinal="0" offset="0" sl="16" sc="5" el="16" ec="5" bec="0" bev="0" fileid="3" />
                <SequencePoint vc="5" uspid="14" ordinal="0" offset="1" sl="17" sc="9" el="17" ec="9" bec="0" bev="0" fileid="3" />
                <SequencePoint vc="5" uspid="15" ordinal="0" offset="24" sl="18" sc="9" el="18" ec="9" bec="0" bev="0" fileid="3" />
                <SequencePoint vc="5" uspid="16" ordinal="0" offset="47" sl="19" sc="9" el="19" ec="9" bec="0" bev="0" fileid="3" />
                <SequencePoint vc="5" uspid="17" ordinal="0" offset="70" sl="21" sc="5" el="21" ec="5" bec="0" bev="0" fileid="3" />
              </SequencePoints>
              <BranchPoints />
            </Method>
            <Method visited="true" cyclomaticComplexity="0" nPathComplexity="0" sequenceCoverage="100.0" branchCoverage="0" crapScore="0" isConstructor="true" isStatic="false" isGetter="false" isSetter="false">
              <Summary numSequencePoints="1" visitedSequencePoints="1" numBranchPoints="0" visitedBranchPoints="0" sequenceCoverage="100.0" branchCoverage="0" maxCyclomaticComplexity="0" minCyclomaticComplexity="0" maxCrapScore="0" minCrapScore="0" visitedClasses="0" numClasses="0" visitedMethods="1" numMethods="1" />
              <MetadataToken>100663310</MetadataToken>
              <Name>CardScript::CardScript()</Name>
              <FileRef uid="3" />
              <SequencePoints>
                <SequencePoint vc="23" uspid="39" ordinal="0" offset="0" sl="12" sc="5" el="12" ec="5" bec="0" bev="0" fileid="3" />
              </SequencePoints>
              <BranchPoints />
            </Method>
          </Methods>
        </Class>
        <Class>
          <Summary numSequencePoints="7" visitedSequencePoints="7" numBranchPoints="0" visitedBranchPoints="0" sequenceCoverage="100.0" branchCoverage="0.0" maxCyclomaticComplexity="0" minCyclomaticComplexity="0" maxCrapScore="0" minCrapScore="0" visitedClasses="1" numClasses="1" visitedMethods="1" numMethods="1" />
          <FullName>Constants</FullName>
          <Methods>
            <Method visited="true" cyclomaticComplexity="0" nPathComplexity="0" sequenceCoverage="100.0" branchCoverage="0" crapScore="0" isConstructor="true" isStatic="true" isGetter="false" isSetter="false">
              <Summary numSequencePoints="7" visitedSequencePoints="7" numBranchPoints="0" visitedBranchPoints="0" sequenceCoverage="100.0" branchCoverage="0" maxCyclomaticComplexity="0" minCyclomaticComplexity="0" maxCrapScore="0" minCrapScore="0" visitedClasses="0" numClasses="0" visitedMethods="1" numMethods="1" />
              <MetadataToken>100663311</MetadataToken>
              <Name>static Constants::Constants()</Name>
              <FileRef uid="4" />
              <SequencePoints>
                <SequencePoint vc="1" uspid="40" ordinal="0" offset="0" sl="7" sc="5" el="7" ec="5" bec="0" bev="0" fileid="4" />
                <SequencePoint vc="1" uspid="41" ordinal="0" offset="10" sl="8" sc="5" el="8" ec="5" bec="0" bev="0" fileid="4" />
                <SequencePoint vc="1" uspid="42" ordinal="0" offset="20" sl="10" sc="5" el="10" ec="5" bec="0" bev="0" fileid="4" />
                <SequencePoint vc="1" uspid="43" ordinal="0" offset="26" sl="11" sc="5" el="11" ec="5" bec="0" bev="0" fileid="4" />
                <SequencePoint vc="1" uspid="44" ordinal="0" offset="33" sl="12" sc="5" el="12" ec="5" bec="0" bev="0" fileid="4" />
                <SequencePoint vc="1" uspid="45" ordinal="0" offset="40" sl="13" sc="5" el="13" ec="5" bec="0" bev="0" fileid="4" />
                <SequencePoint vc="1" uspid="46" ordinal="0" offset="47" sl="14" sc="5" el="14" ec="5" bec="0" bev="0" fileid="4" />
              </SequencePoints>
              <BranchPoints />
            </Method>
          </Methods>
        </Class>
        <Class>
          <Summary numSequencePoints="44" visitedSequencePoints="43" numBranchPoints="0" visitedBranchPoints="0" sequenceCoverage="97.73" branchCoverage="0.0" maxCyclomaticComplexity="0" minCyclomaticComplexity="0" maxCrapScore="0" minCrapScore="0" visitedClasses="1" numClasses="1" visitedMethods="4" numMethods="4" />
          <FullName>Deck</FullName>
          <Methods>
            <Method visited="true" cyclomaticComplexity="0" nPathComplexity="0" sequenceCoverage="100.0" branchCoverage="0" crapScore="0" isConstructor="false" isStatic="false" isGetter="false" isSetter="false">
              <Summary numSequencePoints="23" visitedSequencePoints="23" numBranchPoints="0" visitedBranchPoints="0" sequenceCoverage="100.0" branchCoverage="0" maxCyclomaticComplexity="0" minCyclomaticComplexity="0" maxCrapScore="0" minCrapScore="0" visitedClasses="0" numClasses="0" visitedMethods="1" numMethods="1" />
              <MetadataToken>100663312</MetadataToken>
              <Name>System.Void Deck::Start()</Name>
              <FileRef uid="5" />
              <SequencePoints>
                <SequencePoint vc="1" uspid="47" ordinal="0" offset="0" sl="15" sc="5" el="15" ec="5" bec="0" bev="0" fileid="5" />
                <SequencePoint vc="1" uspid="48" ordinal="0" offset="1" sl="16" sc="9" el="16" ec="9" bec="0" bev="0" fileid="5" />
                <SequencePoint vc="1" uspid="49" ordinal="0" offset="12" sl="17" sc="9" el="17" ec="9" bec="0" bev="0" fileid="5" />
                <SequencePoint vc="1" uspid="50" ordinal="0" offset="24" sl="18" sc="9" el="18" ec="9" bec="0" bev="0" fileid="5" />
                <SequencePoint vc="1" uspid="51" ordinal="0" offset="35" sl="19" sc="14" el="19" ec="14" bec="0" bev="0" fileid="5" />
                <SequencePoint vc="10" uspid="52" ordinal="0" offset="39" sl="20" sc="9" el="20" ec="9" bec="0" bev="0" fileid="5" />
                <SequencePoint vc="10" uspid="53" ordinal="0" offset="40" sl="22" sc="13" el="22" ec="13" bec="0" bev="0" fileid="5" />
                <SequencePoint vc="10" uspid="54" ordinal="0" offset="96" sl="24" sc="13" el="24" ec="13" bec="0" bev="0" fileid="5" />
                <SequencePoint vc="10" uspid="55" ordinal="0" offset="122" sl="26" sc="13" el="26" ec="13" bec="0" bev="0" fileid="5" />
                <SequencePoint vc="10" uspid="56" ordinal="0" offset="130" sl="27" sc="13" el="27" ec="13" bec="0" bev="0" fileid="5" />
                <SequencePoint vc="10" uspid="57" ordinal="0" offset="143" sl="29" sc="9" el="29" ec="9" bec="0" bev="0" fileid="5" />
                <SequencePoint vc="10" uspid="58" ordinal="0" offset="144" sl="19" sc="33" el="19" ec="33" bec="0" bev="0" fileid="5" />
                <SequencePoint vc="11" uspid="59" ordinal="0" offset="148" sl="19" sc="25" el="19" ec="25" bec="0" bev="0" fileid="5" />
                <SequencePoint vc="1" uspid="60" ordinal="0" offset="157" sl="31" sc="14" el="31" ec="14" bec="0" bev="0" fileid="5" />
                <SequencePoint vc="10" uspid="61" ordinal="0" offset="161" sl="32" sc="9" el="32" ec="9" bec="0" bev="0" fileid="5" />
                <SequencePoint vc="10" uspid="62" ordinal="0" offset="162" sl="33" sc="13" el="33" ec="13" bec="0" bev="0" fileid="5" />
                <SequencePoint vc="10" uspid="63" ordinal="0" offset="219" sl="35" sc="13" el="35" ec="13" bec="0" bev="0" fileid="5" />
                <SequencePoint vc="10" uspid="64" ordinal="0" offset="246" sl="36" sc="13" el="36" ec="13" bec="0" bev="0" fileid="5" />
                <SequencePoint vc="10" uspid="65" ordinal="0" offset="255" sl="37" sc="13" el="37" ec="13" bec="0" bev="0" fileid="5" />
                <SequencePoint vc="10" uspid="66" ordinal="0" offset="269" sl="39" sc="9" el="39" ec="9" bec="0" bev="0" fileid="5" />
                <SequencePoint vc="10" uspid="67" ordinal="0" offset="270" sl="31" sc="33" el="31" ec="33" bec="0" bev="0" fileid="5" />
                <SequencePoint vc="11" uspid="68" ordinal="0" offset="274" sl="31" sc="25" el="31" ec="25" bec="0" bev="0" fileid="5" />
                <SequencePoint vc="1" uspid="69" ordinal="0" offset="285" sl="40" sc="5" el="40" ec="5" bec="0" bev="0" fileid="5" />
              </SequencePoints>
              <BranchPoints />
            </Method>
            <Method visited="true" cyclomaticComplexity="0" nPathComplexity="0" sequenceCoverage="100.0" branchCoverage="0" crapScore="0" isConstructor="false" isStatic="false" isGetter="false" isSetter="false">
              <Summary numSequencePoints="2" visitedSequencePoints="2" numBranchPoints="0" visitedBranchPoints="0" sequenceCoverage="100.0" branchCoverage="0" maxCyclomaticComplexity="0" minCyclomaticComplexity="0" maxCrapScore="0" minCrapScore="0" visitedClasses="0" numClasses="0" visitedMethods="1" numMethods="1" />
              <MetadataToken>100663313</MetadataToken>
              <Name>System.Void Deck::Update()</Name>
              <FileRef uid="5" />
              <SequencePoints>
                <SequencePoint vc="108" uspid="70" ordinal="0" offset="0" sl="43" sc="5" el="43" ec="5" bec="0" bev="0" fileid="5" />
                <SequencePoint vc="108" uspid="71" ordinal="0" offset="1" sl="45" sc="5" el="45" ec="5" bec="0" bev="0" fileid="5" />
              </SequencePoints>
              <BranchPoints />
            </Method>
            <Method visited="true" cyclomaticComplexity="0" nPathComplexity="0" sequenceCoverage="88.89" branchCoverage="0" crapScore="0" isConstructor="false" isStatic="false" isGetter="false" isSetter="false">
              <Summary numSequencePoints="9" visitedSequencePoints="8" numBranchPoints="0" visitedBranchPoints="0" sequenceCoverage="88.89" branchCoverage="0" maxCyclomaticComplexity="0" minCyclomaticComplexity="0" maxCrapScore="0" minCrapScore="0" visitedClasses="0" numClasses="0" visitedMethods="1" numMethods="1" />
              <MetadataToken>100663314</MetadataToken>
              <Name>UnityEngine.GameObject Deck::DrawCard()</Name>
              <FileRef uid="5" />
              <SequencePoints>
                <SequencePoint vc="5" uspid="72" ordinal="0" offset="0" sl="48" sc="5" el="48" ec="5" bec="0" bev="0" fileid="5" />
                <SequencePoint vc="5" uspid="73" ordinal="0" offset="1" sl="49" sc="9" el="49" ec="9" bec="0" bev="0" fileid="5" />
                <SequencePoint vc="5" uspid="74" ordinal="0" offset="19" sl="50" sc="9" el="50" ec="9" bec="0" bev="0" fileid="5" />
                <SequencePoint vc="5" uspid="75" ordinal="0" offset="20" sl="51" sc="13" el="51" ec="13" bec="0" bev="0" fileid="5" />
                <SequencePoint vc="5" uspid="76" ordinal="0" offset="51" sl="52" sc="13" el="52" ec="13" bec="0" bev="0" fileid="5" />
                <SequencePoint vc="5" uspid="77" ordinal="0" offset="59" sl="53" sc="13" el="53" ec="13" bec="0" bev="0" fileid="5" />
                <SequencePoint vc="5" uspid="78" ordinal="0" offset="72" sl="54" sc="13" el="54" ec="13" bec="0" bev="0" fileid="5" />
                <SequencePoint vc="0" uspid="79" ordinal="0" offset="76" sl="57" sc="9" el="57" ec="9" bec="0" bev="0" fileid="5" />
                <SequencePoint vc="5" uspid="80" ordinal="0" offset="80" sl="58" sc="5" el="58" ec="5" bec="0" bev="0" fileid="5" />
              </SequencePoints>
              <BranchPoints />
            </Method>
            <Method visited="true" cyclomaticComplexity="0" nPathComplexity="0" sequenceCoverage="100.0" branchCoverage="0" crapScore="0" isConstructor="false" isStatic="false" isGetter="false" isSetter="false">
              <Summary numSequencePoints="10" visitedSequencePoints="10" numBranchPoints="0" visitedBranchPoints="0" sequenceCoverage="100.0" branchCoverage="0" maxCyclomaticComplexity="0" minCyclomaticComplexity="0" maxCrapScore="0" minCrapScore="0" visitedClasses="0" numClasses="0" visitedMethods="1" numMethods="1" />
              <MetadataToken>100663315</MetadataToken>
              <Name>System.Collections.Generic.List[GameObject] Deck::GetInitialHand()</Name>
              <FileRef uid="5" />
              <SequencePoints>
                <SequencePoint vc="1" uspid="81" ordinal="0" offset="0" sl="61" sc="5" el="61" ec="5" bec="0" bev="0" fileid="5" />
                <SequencePoint vc="1" uspid="82" ordinal="0" offset="1" sl="62" sc="9" el="62" ec="9" bec="0" bev="0" fileid="5" />
                <SequencePoint vc="1" uspid="83" ordinal="0" offset="7" sl="64" sc="14" el="64" ec="14" bec="0" bev="0" fileid="5" />
                <SequencePoint vc="5" uspid="84" ordinal="0" offset="11" sl="65" sc="9" el="65" ec="9" bec="0" bev="0" fileid="5" />
                <SequencePoint vc="5" uspid="85" ordinal="0" offset="12" sl="66" sc="13" el="66" ec="13" bec="0" bev="0" fileid="5" />
                <SequencePoint vc="5" uspid="86" ordinal="0" offset="25" sl="67" sc="9" el="67" ec="9" bec="0" bev="0" fileid="5" />
                <SequencePoint vc="5" uspid="87" ordinal="0" offset="26" sl="64" sc="32" el="64" ec="32" bec="0" bev="0" fileid="5" />
                <SequencePoint vc="6" uspid="88" ordinal="0" offset="30" sl="64" sc="25" el="64" ec="25" bec="0" bev="0" fileid="5" />
                <SequencePoint vc="1" uspid="89" ordinal="0" offset="38" sl="69" sc="9" el="69" ec="9" bec="0" bev="0" fileid="5" />
                <SequencePoint vc="1" uspid="90" ordinal="0" offset="42" sl="70" sc="5" el="70" ec="5" bec="0" bev="0" fileid="5" />
              </SequencePoints>
              <BranchPoints />
            </Method>
          </Methods>
        </Class>
        <Class>
          <Summary numSequencePoints="4" visitedSequencePoints="4" numBranchPoints="0" visitedBranchPoints="0" sequenceCoverage="100.0" branchCoverage="0.0" maxCyclomaticComplexity="0" minCyclomaticComplexity="0" maxCrapScore="0" minCrapScore="0" visitedClasses="1" numClasses="1" visitedMethods="2" numMethods="2" />
          <FullName>Draggable</FullName>
          <Methods>
            <Method visited="true" cyclomaticComplexity="0" nPathComplexity="0" sequenceCoverage="100.0" branchCoverage="0" crapScore="0" isConstructor="false" isStatic="false" isGetter="false" isSetter="false">
              <Summary numSequencePoints="3" visitedSequencePoints="3" numBranchPoints="0" visitedBranchPoints="0" sequenceCoverage="100.0" branchCoverage="0" maxCyclomaticComplexity="0" minCyclomaticComplexity="0" maxCrapScore="0" minCrapScore="0" visitedClasses="0" numClasses="0" visitedMethods="1" numMethods="1" />
              <MetadataToken>100663317</MetadataToken>
              <Name>System.Void Draggable::Start()</Name>
              <FileRef uid="6" />
              <SequencePoints>
                <SequencePoint vc="5" uspid="91" ordinal="0" offset="0" sl="14" sc="5" el="14" ec="5" bec="0" bev="0" fileid="6" />
                <SequencePoint vc="5" uspid="92" ordinal="0" offset="1" sl="15" sc="9" el="15" ec="9" bec="0" bev="0" fileid="6" />
                <SequencePoint vc="5" uspid="93" ordinal="0" offset="12" sl="16" sc="5" el="16" ec="5" bec="0" bev="0" fileid="6" />
              </SequencePoints>
              <BranchPoints />
            </Method>
            <Method visited="true" cyclomaticComplexity="0" nPathComplexity="0" sequenceCoverage="100.0" branchCoverage="0" crapScore="0" isConstructor="true" isStatic="false" isGetter="false" isSetter="false">
              <Summary numSequencePoints="1" visitedSequencePoints="1" numBranchPoints="0" visitedBranchPoints="0" sequenceCoverage="100.0" branchCoverage="0" maxCyclomaticComplexity="0" minCyclomaticComplexity="0" maxCrapScore="0" minCrapScore="0" visitedClasses="0" numClasses="0" visitedMethods="1" numMethods="1" />
              <MetadataToken>100663321</MetadataToken>
              <Name>Draggable::Draggable()</Name>
              <FileRef uid="6" />
              <SequencePoints>
                <SequencePoint vc="23" uspid="120" ordinal="0" offset="0" sl="11" sc="5" el="11" ec="5" bec="0" bev="0" fileid="6" />
              </SequencePoints>
              <BranchPoints />
            </Method>
          </Methods>
        </Class>
        <Class>
          <Summary numSequencePoints="5" visitedSequencePoints="5" numBranchPoints="0" visitedBranchPoints="0" sequenceCoverage="100.0" branchCoverage="0.0" maxCyclomaticComplexity="0" minCyclomaticComplexity="0" maxCrapScore="0" minCrapScore="0" visitedClasses="1" numClasses="1" visitedMethods="2" numMethods="2" />
          <FullName>EndTurnButton</FullName>
          <Methods>
            <Method visited="true" cyclomaticComplexity="0" nPathComplexity="0" sequenceCoverage="100.0" branchCoverage="0" crapScore="0" isConstructor="false" isStatic="false" isGetter="false" isSetter="false">
              <Summary numSequencePoints="3" visitedSequencePoints="3" numBranchPoints="0" visitedBranchPoints="0" sequenceCoverage="100.0" branchCoverage="0" maxCyclomaticComplexity="0" minCyclomaticComplexity="0" maxCrapScore="0" minCrapScore="0" visitedClasses="0" numClasses="0" visitedMethods="1" numMethods="1" />
              <MetadataToken>100663322</MetadataToken>
              <Name>System.Void EndTurnButton::Start()</Name>
              <FileRef uid="7" />
              <SequencePoints>
                <SequencePoint vc="2" uspid="121" ordinal="0" offset="0" sl="13" sc="5" el="13" ec="5" bec="0" bev="0" fileid="7" />
                <SequencePoint vc="2" uspid="122" ordinal="0" offset="1" sl="14" sc="9" el="14" ec="9" bec="0" bev="0" fileid="7" />
                <SequencePoint vc="2" uspid="123" ordinal="0" offset="22" sl="15" sc="5" el="15" ec="5" bec="0" bev="0" fileid="7" />
              </SequencePoints>
              <BranchPoints />
            </Method>
            <Method visited="true" cyclomaticComplexity="0" nPathComplexity="0" sequenceCoverage="100.0" branchCoverage="0" crapScore="0" isConstructor="true" isStatic="false" isGetter="false" isSetter="false">
              <Summary numSequencePoints="2" visitedSequencePoints="2" numBranchPoints="0" visitedBranchPoints="0" sequenceCoverage="100.0" branchCoverage="0" maxCyclomaticComplexity="0" minCyclomaticComplexity="0" maxCrapScore="0" minCrapScore="0" visitedClasses="0" numClasses="0" visitedMethods="1" numMethods="1" />
              <MetadataToken>100663325</MetadataToken>
              <Name>EndTurnButton::EndTurnButton()</Name>
              <FileRef uid="7" />
              <SequencePoints>
                <SequencePoint vc="2" uspid="132" ordinal="0" offset="0" sl="9" sc="5" el="9" ec="5" bec="0" bev="0" fileid="7" />
                <SequencePoint vc="2" uspid="133" ordinal="0" offset="7" sl="10" sc="5" el="10" ec="5" bec="0" bev="0" fileid="7" />
              </SequencePoints>
              <BranchPoints />
            </Method>
          </Methods>
        </Class>
        <Class>
          <Summary numSequencePoints="22" visitedSequencePoints="7" numBranchPoints="0" visitedBranchPoints="0" sequenceCoverage="31.82" branchCoverage="0.0" maxCyclomaticComplexity="0" minCyclomaticComplexity="0" maxCrapScore="0" minCrapScore="0" visitedClasses="1" numClasses="1" visitedMethods="2" numMethods="2" />
          <FullName>EnemyCards</FullName>
          <Methods>
            <Method visited="true" cyclomaticComplexity="0" nPathComplexity="0" sequenceCoverage="21.05" branchCoverage="0" crapScore="0" isConstructor="false" isStatic="false" isGetter="false" isSetter="false">
              <Summary numSequencePoints="19" visitedSequencePoints="4" numBranchPoints="0" visitedBranchPoints="0" sequenceCoverage="21.05" branchCoverage="0" maxCyclomaticComplexity="0" minCyclomaticComplexity="0" maxCrapScore="0" minCrapScore="0" visitedClasses="0" numClasses="0" visitedMethods="1" numMethods="1" />
              <MetadataToken>100663327</MetadataToken>
              <Name>System.Void EnemyCards::Update()</Name>
              <FileRef uid="8" />
              <SequencePoints>
                <SequencePoint vc="108" uspid="146" ordinal="0" offset="0" sl="33" sc="5" el="33" ec="5" bec="0" bev="0" fileid="8" />
                <SequencePoint vc="108" uspid="147" ordinal="0" offset="1" sl="34" sc="9" el="34" ec="9" bec="0" bev="0" fileid="8" />
                <SequencePoint vc="0" uspid="148" ordinal="0" offset="11" sl="35" sc="9" el="35" ec="9" bec="0" bev="0" fileid="8" />
                <SequencePoint vc="0" uspid="149" ordinal="0" offset="12" sl="36" sc="13" el="36" ec="13" bec="0" bev="0" fileid="8" />
                <SequencePoint vc="0" uspid="150" ordinal="0" offset="26" sl="37" sc="13" el="37" ec="13" bec="0" bev="0" fileid="8" />
                <SequencePoint vc="0" uspid="151" ordinal="0" offset="40" sl="38" sc="13" el="38" ec="13" bec="0" bev="0" fileid="8" />
                <SequencePoint vc="0" uspid="152" ordinal="0" offset="41" sl="39" sc="17" el="39" ec="17" bec="0" bev="0" fileid="8" />
                <SequencePoint vc="0" uspid="153" ordinal="0" offset="48" sl="40" sc="17" el="40" ec="17" bec="0" bev="0" fileid="8" />
                <SequencePoint vc="0" uspid="154" ordinal="0" offset="55" sl="41" sc="17" el="41" ec="17" bec="0" bev="0" fileid="8" />
                <SequencePoint vc="0" uspid="155" ordinal="0" offset="72" sl="42" sc="17" el="42" ec="17" bec="0" bev="0" fileid="8" />
                <SequencePoint vc="0" uspid="156" ordinal="0" offset="85" sl="43" sc="17" el="43" ec="17" bec="0" bev="0" fileid="8" />
                <SequencePoint vc="0" uspid="157" ordinal="0" offset="106" sl="44" sc="17" el="44" ec="17" bec="0" bev="0" fileid="8" />
                <SequencePoint vc="0" uspid="158" ordinal="0" offset="117" sl="45" sc="13" el="45" ec="13" bec="0" bev="0" fileid="8" />
                <SequencePoint vc="0" uspid="159" ordinal="0" offset="118" sl="46" sc="9" el="46" ec="9" bec="0" bev="0" fileid="8" />
                <SequencePoint vc="108" uspid="160" ordinal="0" offset="119" sl="48" sc="9" el="48" ec="9" bec="0" bev="0" fileid="8" />
                <SequencePoint vc="0" uspid="161" ordinal="0" offset="132" sl="49" sc="9" el="49" ec="9" bec="0" bev="0" fileid="8" />
                <SequencePoint vc="0" uspid="162" ordinal="0" offset="133" sl="50" sc="13" el="50" ec="13" bec="0" bev="0" fileid="8" />
                <SequencePoint vc="0" uspid="163" ordinal="0" offset="147" sl="51" sc="9" el="51" ec="9" bec="0" bev="0" fileid="8" />
                <SequencePoint vc="108" uspid="164" ordinal="0" offset="148" sl="53" sc="5" el="53" ec="5" bec="0" bev="0" fileid="8" />
              </SequencePoints>
              <BranchPoints />
            </Method>
            <Method visited="true" cyclomaticComplexity="0" nPathComplexity="0" sequenceCoverage="100.0" branchCoverage="0" crapScore="0" isConstructor="true" isStatic="false" isGetter="false" isSetter="false">
              <Summary numSequencePoints="3" visitedSequencePoints="3" numBranchPoints="0" visitedBranchPoints="0" sequenceCoverage="100.0" branchCoverage="0" maxCyclomaticComplexity="0" minCyclomaticComplexity="0" maxCrapScore="0" minCrapScore="0" visitedClasses="0" numClasses="0" visitedMethods="1" numMethods="1" />
              <MetadataToken>100663328</MetadataToken>
              <Name>EnemyCards::EnemyCards()</Name>
              <FileRef uid="8" />
              <SequencePoints>
                <SequencePoint vc="1" uspid="165" ordinal="0" offset="0" sl="8" sc="5" el="8" ec="5" bec="0" bev="0" fileid="8" />
                <SequencePoint vc="1" uspid="166" ordinal="0" offset="7" sl="12" sc="5" el="12" ec="5" bec="0" bev="0" fileid="8" />
                <SequencePoint vc="1" uspid="167" ordinal="0" offset="14" sl="13" sc="5" el="13" ec="5" bec="0" bev="0" fileid="8" />
              </SequencePoints>
              <BranchPoints />
            </Method>
          </Methods>
        </Class>
        <Class>
          <Summary numSequencePoints="73" visitedSequencePoints="28" numBranchPoints="0" visitedBranchPoints="0" sequenceCoverage="38.36" branchCoverage="0.0" maxCyclomaticComplexity="0" minCyclomaticComplexity="0" maxCrapScore="0" minCrapScore="0" visitedClasses="1" numClasses="1" visitedMethods="7" numMethods="7" />
          <FullName>FakeConnection</FullName>
          <Methods>
            <Method visited="true" cyclomaticComplexity="0" nPathComplexity="0" sequenceCoverage="100.0" branchCoverage="0" crapScore="0" isConstructor="false" isStatic="false" isGetter="false" isSetter="false">
              <Summary numSequencePoints="3" visitedSequencePoints="3" numBranchPoints="0" visitedBranchPoints="0" sequenceCoverage="100.0" branchCoverage="0" maxCyclomaticComplexity="0" minCyclomaticComplexity="0" maxCrapScore="0" minCrapScore="0" visitedClasses="0" numClasses="0" visitedMethods="1" numMethods="1" />
              <MetadataToken>100663329</MetadataToken>
              <Name>System.Void FakeConnection::Start()</Name>
              <FileRef uid="9" />
              <SequencePoints>
                <SequencePoint vc="1" uspid="168" ordinal="0" offset="0" sl="18" sc="16" el="18" ec="16" bec="0" bev="0" fileid="9" />
                <SequencePoint vc="1" uspid="169" ordinal="0" offset="1" sl="19" sc="3" el="19" ec="3" bec="0" bev="0" fileid="9" />
                <SequencePoint vc="1" uspid="170" ordinal="0" offset="8" sl="20" sc="2" el="20" ec="2" bec="0" bev="0" fileid="9" />
              </SequencePoints>
              <BranchPoints />
            </Method>
            <Method visited="true" cyclomaticComplexity="0" nPathComplexity="0" sequenceCoverage="36.36" branchCoverage="0" crapScore="0" isConstructor="false" isStatic="false" isGetter="false" isSetter="false">
              <Summary numSequencePoints="11" visitedSequencePoints="4" numBranchPoints="0" visitedBranchPoints="0" sequenceCoverage="36.36" branchCoverage="0" maxCyclomaticComplexity="0" minCyclomaticComplexity="0" maxCrapScore="0" minCrapScore="0" visitedClasses="0" numClasses="0" visitedMethods="1" numMethods="1" />
              <MetadataToken>100663330</MetadataToken>
              <Name>System.Void FakeConnection::Update()</Name>
              <FileRef uid="9" />
              <SequencePoints>
                <SequencePoint vc="108" uspid="171" ordinal="0" offset="0" sl="22" sc="17" el="22" ec="17" bec="0" bev="0" fileid="9" />
                <SequencePoint vc="108" uspid="172" ordinal="0" offset="1" sl="23" sc="3" el="23" ec="3" bec="0" bev="0" fileid="9" />
                <SequencePoint vc="0" uspid="173" ordinal="0" offset="12" sl="24" sc="3" el="24" ec="3" bec="0" bev="0" fileid="9" />
                <SequencePoint vc="0" uspid="174" ordinal="0" offset="13" sl="25" sc="4" el="25" ec="4" bec="0" bev="0" fileid="9" />
                <SequencePoint vc="0" uspid="175" ordinal="0" offset="25" sl="26" sc="3" el="26" ec="3" bec="0" bev="0" fileid="9" />
                <SequencePoint vc="108" uspid="176" ordinal="0" offset="26" sl="28" sc="3" el="28" ec="3" bec="0" bev="0" fileid="9" />
                <SequencePoint vc="0" uspid="177" ordinal="0" offset="37" sl="29" sc="3" el="29" ec="3" bec="0" bev="0" fileid="9" />
                <SequencePoint vc="0" uspid="178" ordinal="0" offset="38" sl="30" sc="4" el="30" ec="4" bec="0" bev="0" fileid="9" />
                <SequencePoint vc="0" uspid="179" ordinal="0" offset="50" sl="31" sc="4" el="31" ec="4" bec="0" bev="0" fileid="9" />
                <SequencePoint vc="0" uspid="180" ordinal="0" offset="57" sl="32" sc="3" el="32" ec="3" bec="0" bev="0" fileid="9" />
                <SequencePoint vc="108" uspid="181" ordinal="0" offset="58" sl="33" sc="2" el="33" ec="2" bec="0" bev="0" fileid="9" />
              </SequencePoints>
              <BranchPoints />
            </Method>
            <Method visited="true" cyclomaticComplexity="0" nPathComplexity="0" sequenceCoverage="63.64" branchCoverage="0" crapScore="0" isConstructor="false" isStatic="false" isGetter="false" isSetter="false">
              <Summary numSequencePoints="11" visitedSequencePoints="7" numBranchPoints="0" visitedBranchPoints="0" sequenceCoverage="63.64" branchCoverage="0" maxCyclomaticComplexity="0" minCyclomaticComplexity="0" maxCrapScore="0" minCrapScore="0" visitedClasses="0" numClasses="0" visitedMethods="1" numMethods="1" />
              <MetadataToken>100663331</MetadataToken>
              <Name>System.Void FakeConnection::ConnectToTcpServer()</Name>
              <FileRef uid="9" />
              <SequencePoints>
                <SequencePoint vc="1" uspid="182" ordinal="0" offset="0" sl="37" sc="37" el="37" ec="37" bec="0" bev="0" fileid="9" />
                <SequencePoint vc="1" uspid="183" ordinal="0" offset="1" sl="38" sc="7" el="38" ec="7" bec="0" bev="0" fileid="9" />
                <SequencePoint vc="1" uspid="184" ordinal="0" offset="2" sl="39" sc="4" el="39" ec="4" bec="0" bev="0" fileid="9" />
                <SequencePoint vc="1" uspid="185" ordinal="0" offset="25" sl="40" sc="4" el="40" ec="4" bec="0" bev="0" fileid="9" />
                <SequencePoint vc="1" uspid="186" ordinal="0" offset="38" sl="41" sc="4" el="41" ec="4" bec="0" bev="0" fileid="9" />
                <SequencePoint vc="1" uspid="187" ordinal="0" offset="50" sl="42" sc="3" el="42" ec="3" bec="0" bev="0" fileid="9" />
                <SequencePoint vc="0" uspid="188" ordinal="0" offset="53" sl="43" sc="3" el="43" ec="3" bec="0" bev="0" fileid="9" />
                <SequencePoint vc="0" uspid="189" ordinal="0" offset="54" sl="43" sc="23" el="43" ec="23" bec="0" bev="0" fileid="9" />
                <SequencePoint vc="0" uspid="190" ordinal="0" offset="55" sl="44" sc="4" el="44" ec="4" bec="0" bev="0" fileid="9" />
                <SequencePoint vc="0" uspid="191" ordinal="0" offset="72" sl="45" sc="3" el="45" ec="3" bec="0" bev="0" fileid="9" />
                <SequencePoint vc="1" uspid="192" ordinal="0" offset="75" sl="46" sc="2" el="46" ec="2" bec="0" bev="0" fileid="9" />
              </SequencePoints>
              <BranchPoints />
            </Method>
            <Method visited="true" cyclomaticComplexity="0" nPathComplexity="0" sequenceCoverage="19.23" branchCoverage="0" crapScore="0" isConstructor="false" isStatic="false" isGetter="false" isSetter="false">
              <Summary numSequencePoints="26" visitedSequencePoints="5" numBranchPoints="0" visitedBranchPoints="0" sequenceCoverage="19.23" branchCoverage="0" maxCyclomaticComplexity="0" minCyclomaticComplexity="0" maxCrapScore="0" minCrapScore="0" visitedClasses="0" numClasses="0" visitedMethods="1" numMethods="1" />
              <MetadataToken>100663332</MetadataToken>
              <Name>System.Void FakeConnection::ListenForData()</Name>
              <FileRef uid="9" />
              <SequencePoints>
                <SequencePoint vc="1" uspid="193" ordinal="0" offset="0" sl="50" sc="31" el="50" ec="31" bec="0" bev="0" fileid="9" />
                <SequencePoint vc="1" uspid="194" ordinal="0" offset="1" sl="52" sc="3" el="52" ec="3" bec="0" bev="0" fileid="9" />
                <SequencePoint vc="1" uspid="195" ordinal="0" offset="14" sl="53" sc="3" el="53" ec="3" bec="0" bev="0" fileid="9" />
                <SequencePoint vc="1" uspid="196" ordinal="0" offset="15" sl="55" sc="4" el="55" ec="4" bec="0" bev="0" fileid="9" />
                <SequencePoint vc="1" uspid="197" ordinal="0" offset="16" sl="56" sc="5" el="56" ec="5" bec="0" bev="0" fileid="9" />
                <SequencePoint vc="0" uspid="198" ordinal="0" offset="37" sl="57" sc="5" el="57" ec="5" bec="0" bev="0" fileid="9" />
                <SequencePoint vc="0" uspid="199" ordinal="0" offset="50" sl="59" sc="5" el="59" ec="5" bec="0" bev="0" fileid="9" />
                <SequencePoint vc="0" uspid="200" ordinal="0" offset="51" sl="61" sc="13" el="61" ec="13" bec="0" bev="0" fileid="9" />
                <SequencePoint vc="0" uspid="201" ordinal="0" offset="63" sl="62" sc="6" el="62" ec="6" bec="0" bev="0" fileid="9" />
                <SequencePoint vc="0" uspid="202" ordinal="0" offset="66" sl="66" sc="7" el="66" ec="7" bec="0" bev="0" fileid="9" />
                <SequencePoint vc="0" uspid="203" ordinal="0" offset="67" sl="67" sc="8" el="67" ec="8" bec="0" bev="0" fileid="9" />
                <SequencePoint vc="0" uspid="204" ordinal="0" offset="75" sl="68" sc="8" el="68" ec="8" bec="0" bev="0" fileid="9" />
                <SequencePoint vc="0" uspid="205" ordinal="0" offset="87" sl="70" sc="8" el="70" ec="8" bec="0" bev="0" fileid="9" />
                <SequencePoint vc="0" uspid="206" ordinal="0" offset="101" sl="71" sc="8" el="71" ec="8" bec="0" bev="0" fileid="9" />
                <SequencePoint vc="0" uspid="207" ordinal="0" offset="109" sl="72" sc="8" el="72" ec="8" bec="0" bev="0" fileid="9" />
                <SequencePoint vc="0" uspid="208" ordinal="0" offset="127" sl="73" sc="7" el="73" ec="7" bec="0" bev="0" fileid="9" />
                <SequencePoint vc="0" uspid="209" ordinal="0" offset="128" sl="65" sc="7" el="65" ec="7" bec="0" bev="0" fileid="9" />
                <SequencePoint vc="0" uspid="210" ordinal="0" offset="150" sl="74" sc="6" el="74" ec="6" bec="0" bev="0" fileid="9" />
                <SequencePoint vc="0" uspid="211" ordinal="0" offset="164" sl="75" sc="5" el="75" ec="5" bec="0" bev="0" fileid="9" />
                <SequencePoint vc="0" uspid="212" ordinal="0" offset="165" sl="58" sc="5" el="58" ec="5" bec="0" bev="0" fileid="9" />
                <SequencePoint vc="0" uspid="213" ordinal="0" offset="170" sl="77" sc="4" el="77" ec="4" bec="0" bev="0" fileid="9" />
                <SequencePoint vc="0" uspid="214" ordinal="0" offset="172" sl="78" sc="4" el="78" ec="4" bec="0" bev="0" fileid="9" />
                <SequencePoint vc="0" uspid="215" ordinal="0" offset="173" sl="79" sc="5" el="79" ec="5" bec="0" bev="0" fileid="9" />
                <SequencePoint vc="0" uspid="216" ordinal="0" offset="191" sl="80" sc="4" el="80" ec="4" bec="0" bev="0" fileid="9" />
                <SequencePoint vc="0" uspid="217" ordinal="0" offset="194" sl="81" sc="3" el="81" ec="3" bec="0" bev="0" fileid="9" />
                <SequencePoint vc="0" uspid="218" ordinal="0" offset="195" sl="82" sc="2" el="82" ec="2" bec="0" bev="0" fileid="9" />
              </SequencePoints>
              <BranchPoints />
            </Method>
            <Method visited="true" cyclomaticComplexity="0" nPathComplexity="0" sequenceCoverage="100.0" branchCoverage="0" crapScore="0" isConstructor="false" isStatic="false" isGetter="false" isSetter="false">
              <Summary numSequencePoints="3" visitedSequencePoints="3" numBranchPoints="0" visitedBranchPoints="0" sequenceCoverage="100.0" branchCoverage="0" maxCyclomaticComplexity="0" minCyclomaticComplexity="0" maxCrapScore="0" minCrapScore="0" visitedClasses="0" numClasses="0" visitedMethods="1" numMethods="1" />
              <MetadataToken>100663333</MetadataToken>
              <Name>System.Void FakeConnection::send(System.String)</Name>
              <FileRef uid="9" />
              <SequencePoints>
                <SequencePoint vc="1" uspid="219" ordinal="0" offset="0" sl="86" sc="2" el="86" ec="2" bec="0" bev="0" fileid="9" />
                <SequencePoint vc="1" uspid="220" ordinal="0" offset="1" sl="87" sc="3" el="87" ec="3" bec="0" bev="0" fileid="9" />
                <SequencePoint vc="1" uspid="221" ordinal="0" offset="9" sl="88" sc="2" el="88" ec="2" bec="0" bev="0" fileid="9" />
              </SequencePoints>
              <BranchPoints />
            </Method>
            <Method visited="true" cyclomaticComplexity="0" nPathComplexity="0" sequenceCoverage="27.78" branchCoverage="0" crapScore="0" isConstructor="false" isStatic="false" isGetter="false" isSetter="false">
              <Summary numSequencePoints="18" visitedSequencePoints="5" numBranchPoints="0" visitedBranchPoints="0" sequenceCoverage="27.78" branchCoverage="0" maxCyclomaticComplexity="0" minCyclomaticComplexity="0" maxCrapScore="0" minCrapScore="0" visitedClasses="0" numClasses="0" visitedMethods="1" numMethods="1" />
              <MetadataToken>100663334</MetadataToken>
              <Name>System.Void FakeConnection::SendMessage(System.String)</Name>
              <FileRef uid="9" />
              <SequencePoints>
                <SequencePoint vc="1" uspid="222" ordinal="0" offset="0" sl="90" sc="43" el="90" ec="43" bec="0" bev="0" fileid="9" />
                <SequencePoint vc="1" uspid="223" ordinal="0" offset="1" sl="92" sc="3" el="92" ec="3" bec="0" bev="0" fileid="9" />
                <SequencePoint vc="1" uspid="224" ordinal="0" offset="14" sl="92" sc="33" el="92" ec="33" bec="0" bev="0" fileid="9" />
                <SequencePoint vc="1" uspid="225" ordinal="0" offset="15" sl="93" sc="4" el="93" ec="4" bec="0" bev="0" fileid="9" />
                <SequencePoint vc="0" uspid="226" ordinal="0" offset="18" sl="95" sc="7" el="95" ec="7" bec="0" bev="0" fileid="9" />
                <SequencePoint vc="0" uspid="227" ordinal="0" offset="19" sl="96" sc="4" el="96" ec="4" bec="0" bev="0" fileid="9" />
                <SequencePoint vc="0" uspid="228" ordinal="0" offset="31" sl="97" sc="4" el="97" ec="4" bec="0" bev="0" fileid="9" />
                <SequencePoint vc="0" uspid="229" ordinal="0" offset="41" sl="97" sc="25" el="97" ec="25" bec="0" bev="0" fileid="9" />
                <SequencePoint vc="0" uspid="230" ordinal="0" offset="42" sl="98" sc="5" el="98" ec="5" bec="0" bev="0" fileid="9" />
                <SequencePoint vc="0" uspid="231" ordinal="0" offset="54" sl="99" sc="5" el="99" ec="5" bec="0" bev="0" fileid="9" />
                <SequencePoint vc="0" uspid="232" ordinal="0" offset="66" sl="100" sc="5" el="100" ec="5" bec="0" bev="0" fileid="9" />
                <SequencePoint vc="0" uspid="233" ordinal="0" offset="77" sl="101" sc="4" el="101" ec="4" bec="0" bev="0" fileid="9" />
                <SequencePoint vc="0" uspid="234" ordinal="0" offset="78" sl="102" sc="3" el="102" ec="3" bec="0" bev="0" fileid="9" />
                <SequencePoint vc="0" uspid="235" ordinal="0" offset="81" sl="103" sc="3" el="103" ec="3" bec="0" bev="0" fileid="9" />
                <SequencePoint vc="0" uspid="236" ordinal="0" offset="83" sl="103" sc="43" el="103" ec="43" bec="0" bev="0" fileid="9" />
                <SequencePoint vc="0" uspid="237" ordinal="0" offset="84" sl="104" sc="4" el="104" ec="4" bec="0" bev="0" fileid="9" />
                <SequencePoint vc="0" uspid="238" ordinal="0" offset="102" sl="105" sc="3" el="105" ec="3" bec="0" bev="0" fileid="9" />
                <SequencePoint vc="1" uspid="239" ordinal="0" offset="105" sl="106" sc="2" el="106" ec="2" bec="0" bev="0" fileid="9" />
              </SequencePoints>
              <BranchPoints />
            </Method>
            <Method visited="true" cyclomaticComplexity="0" nPathComplexity="0" sequenceCoverage="100.0" branchCoverage="0" crapScore="0" isConstructor="true" isStatic="false" isGetter="false" isSetter="false">
              <Summary numSequencePoints="1" visitedSequencePoints="1" numBranchPoints="0" visitedBranchPoints="0" sequenceCoverage="100.0" branchCoverage="0" maxCyclomaticComplexity="0" minCyclomaticComplexity="0" maxCrapScore="0" minCrapScore="0" visitedClasses="0" numClasses="0" visitedMethods="1" numMethods="1" />
              <MetadataToken>100663335</MetadataToken>
              <Name>FakeConnection::FakeConnection()</Name>
              <FileRef uid="9" />
              <SequencePoints>
                <SequencePoint vc="2" uspid="240" ordinal="0" offset="0" sl="14" sc="2" el="14" ec="2" bec="0" bev="0" fileid="9" />
              </SequencePoints>
              <BranchPoints />
            </Method>
          </Methods>
        </Class>
        <Class>
          <Summary numSequencePoints="25" visitedSequencePoints="24" numBranchPoints="0" visitedBranchPoints="0" sequenceCoverage="96.00" branchCoverage="0.0" maxCyclomaticComplexity="0" minCyclomaticComplexity="0" maxCrapScore="0" minCrapScore="0" visitedClasses="1" numClasses="1" visitedMethods="4" numMethods="4" />
          <FullName>HandScript</FullName>
          <Methods>
            <Method visited="true" cyclomaticComplexity="0" nPathComplexity="0" sequenceCoverage="100.0" branchCoverage="0" crapScore="0" isConstructor="false" isStatic="false" isGetter="false" isSetter="false">
              <Summary numSequencePoints="2" visitedSequencePoints="2" numBranchPoints="0" visitedBranchPoints="0" sequenceCoverage="100.0" branchCoverage="0" maxCyclomaticComplexity="0" minCyclomaticComplexity="0" maxCrapScore="0" minCrapScore="0" visitedClasses="0" numClasses="0" visitedMethods="1" numMethods="1" />
              <MetadataToken>100663338</MetadataToken>
              <Name>System.Void HandScript::Start()</Name>
              <FileRef uid="11" />
              <SequencePoints>
                <SequencePoint vc="1" uspid="244" ordinal="0" offset="0" sl="35" sc="5" el="35" ec="5" bec="0" bev="0" fileid="11" />
                <SequencePoint vc="1" uspid="245" ordinal="0" offset="1" sl="37" sc="5" el="37" ec="5" bec="0" bev="0" fileid="11" />
              </SequencePoints>
              <BranchPoints />
            </Method>
            <Method visited="true" cyclomaticComplexity="0" nPathComplexity="0" sequenceCoverage="100.0" branchCoverage="0" crapScore="0" isConstructor="false" isStatic="false" isGetter="false" isSetter="false">
              <Summary numSequencePoints="10" visitedSequencePoints="10" numBranchPoints="0" visitedBranchPoints="0" sequenceCoverage="100.0" branchCoverage="0" maxCyclomaticComplexity="0" minCyclomaticComplexity="0" maxCrapScore="0" minCrapScore="0" visitedClasses="0" numClasses="0" visitedMethods="1" numMethods="1" />
              <MetadataToken>100663339</MetadataToken>
              <Name>System.Void HandScript::organizeCards()</Name>
              <FileRef uid="11" />
              <SequencePoints>
                <SequencePoint vc="1" uspid="246" ordinal="0" offset="0" sl="41" sc="5" el="41" ec="5" bec="0" bev="0" fileid="11" />
                <SequencePoint vc="1" uspid="247" ordinal="0" offset="1" sl="42" sc="9" el="42" ec="9" bec="0" bev="0" fileid="11" />
                <SequencePoint vc="1" uspid="248" ordinal="0" offset="2" sl="42" sc="29" el="42" ec="29" bec="0" bev="0" fileid="11" />
                <SequencePoint vc="5" uspid="249" ordinal="0" offset="16" sl="42" sc="17" el="42" ec="17" bec="0" bev="0" fileid="11" />
                <SequencePoint vc="5" uspid="250" ordinal="0" offset="24" sl="43" sc="9" el="43" ec="9" bec="0" bev="0" fileid="11" />
                <SequencePoint vc="5" uspid="251" ordinal="0" offset="25" sl="44" sc="13" el="44" ec="13" bec="0" bev="0" fileid="11" />
                <SequencePoint vc="5" uspid="252" ordinal="0" offset="32" sl="45" sc="13" el="45" ec="13" bec="0" bev="0" fileid="11" />
                <SequencePoint vc="5" uspid="253" ordinal="0" offset="40" sl="46" sc="9" el="46" ec="9" bec="0" bev="0" fileid="11" />
                <SequencePoint vc="6" uspid="254" ordinal="0" offset="41" sl="42" sc="26" el="42" ec="26" bec="0" bev="0" fileid="11" />
                <SequencePoint vc="1" uspid="255" ordinal="0" offset="67" sl="47" sc="5" el="47" ec="5" bec="0" bev="0" fileid="11" />
              </SequencePoints>
              <BranchPoints />
            </Method>
            <Method visited="true" cyclomaticComplexity="0" nPathComplexity="0" sequenceCoverage="91.67" branchCoverage="0" crapScore="0" isConstructor="false" isStatic="false" isGetter="false" isSetter="false">
              <Summary numSequencePoints="12" visitedSequencePoints="11" numBranchPoints="0" visitedBranchPoints="0" sequenceCoverage="91.67" branchCoverage="0" maxCyclomaticComplexity="0" minCyclomaticComplexity="0" maxCrapScore="0" minCrapScore="0" visitedClasses="0" numClasses="0" visitedMethods="1" numMethods="1" />
              <MetadataToken>100663341</MetadataToken>
              <Name>HandScript/Slot HandScript::findSlot()</Name>
              <FileRef uid="11" />
              <SequencePoints>
                <SequencePoint vc="5" uspid="260" ordinal="0" offset="0" sl="56" sc="5" el="56" ec="5" bec="0" bev="0" fileid="11" />
                <SequencePoint vc="5" uspid="261" ordinal="0" offset="1" sl="57" sc="9" el="57" ec="9" bec="0" bev="0" fileid="11" />
                <SequencePoint vc="5" uspid="262" ordinal="0" offset="2" sl="57" sc="30" el="57" ec="30" bec="0" bev="0" fileid="11" />
                <SequencePoint vc="15" uspid="263" ordinal="0" offset="16" sl="57" sc="18" el="57" ec="18" bec="0" bev="0" fileid="11" />
                <SequencePoint vc="15" uspid="264" ordinal="0" offset="24" sl="58" sc="9" el="58" ec="9" bec="0" bev="0" fileid="11" />
                <SequencePoint vc="15" uspid="265" ordinal="0" offset="25" sl="59" sc="13" el="59" ec="13" bec="0" bev="0" fileid="11" />
                <SequencePoint vc="5" uspid="266" ordinal="0" offset="60" sl="60" sc="13" el="60" ec="13" bec="0" bev="0" fileid="11" />
                <SequencePoint vc="5" uspid="267" ordinal="0" offset="61" sl="61" sc="17" el="61" ec="17" bec="0" bev="0" fileid="11" />
                <SequencePoint vc="10" uspid="268" ordinal="0" offset="65" sl="63" sc="9" el="63" ec="9" bec="0" bev="0" fileid="11" />
                <SequencePoint vc="15" uspid="269" ordinal="0" offset="66" sl="57" sc="27" el="57" ec="27" bec="0" bev="0" fileid="11" />
                <SequencePoint vc="0" uspid="270" ordinal="0" offset="92" sl="65" sc="9" el="65" ec="9" bec="0" bev="0" fileid="11" />
                <SequencePoint vc="5" uspid="271" ordinal="0" offset="96" sl="66" sc="5" el="66" ec="5" bec="0" bev="0" fileid="11" />
              </SequencePoints>
              <BranchPoints />
            </Method>
            <Method visited="true" cyclomaticComplexity="0" nPathComplexity="0" sequenceCoverage="100.0" branchCoverage="0" crapScore="0" isConstructor="true" isStatic="false" isGetter="false" isSetter="false">
              <Summary numSequencePoints="1" visitedSequencePoints="1" numBranchPoints="0" visitedBranchPoints="0" sequenceCoverage="100.0" branchCoverage="0" maxCyclomaticComplexity="0" minCyclomaticComplexity="0" maxCrapScore="0" minCrapScore="0" visitedClasses="0" numClasses="0" visitedMethods="1" numMethods="1" />
              <MetadataToken>100663344</MetadataToken>
              <Name>HandScript::HandScript()</Name>
              <FileRef uid="11" />
              <SequencePoints>
                <SequencePoint vc="1" uspid="296" ordinal="0" offset="0" sl="9" sc="5" el="9" ec="5" bec="0" bev="0" fileid="11" />
              </SequencePoints>
              <BranchPoints />
            </Method>
          </Methods>
        </Class>
        <Class>
          <Summary numSequencePoints="1" visitedSequencePoints="1" numBranchPoints="0" visitedBranchPoints="0" sequenceCoverage="100.0" branchCoverage="0.0" maxCyclomaticComplexity="0" minCyclomaticComplexity="0" maxCrapScore="0" minCrapScore="0" visitedClasses="1" numClasses="1" visitedMethods="1" numMethods="1" />
          <FullName>Health</FullName>
          <Methods>
            <Method visited="true" cyclomaticComplexity="0" nPathComplexity="0" sequenceCoverage="100.0" branchCoverage="0" crapScore="0" isConstructor="true" isStatic="false" isGetter="false" isSetter="false">
              <Summary numSequencePoints="1" visitedSequencePoints="1" numBranchPoints="0" visitedBranchPoints="0" sequenceCoverage="100.0" branchCoverage="0" maxCyclomaticComplexity="0" minCyclomaticComplexity="0" maxCrapScore="0" minCrapScore="0" visitedClasses="0" numClasses="0" visitedMethods="1" numMethods="1" />
              <MetadataToken>100663348</MetadataToken>
              <Name>Health::Health()</Name>
              <FileRef uid="13" />
              <SequencePoints>
                <SequencePoint vc="4" uspid="317" ordinal="0" offset="0" sl="8" sc="5" el="8" ec="5" bec="0" bev="0" fileid="13" />
              </SequencePoints>
              <BranchPoints />
            </Method>
          </Methods>
        </Class>
        <Class>
          <Summary numSequencePoints="15" visitedSequencePoints="15" numBranchPoints="0" visitedBranchPoints="0" sequenceCoverage="100.0" branchCoverage="0.0" maxCyclomaticComplexity="0" minCyclomaticComplexity="0" maxCrapScore="0" minCrapScore="0" visitedClasses="1" numClasses="1" visitedMethods="3" numMethods="3" />
          <FullName>RoundManager</FullName>
          <Methods>
            <Method visited="true" cyclomaticComplexity="0" nPathComplexity="0" sequenceCoverage="100.0" branchCoverage="0" crapScore="0" isConstructor="false" isStatic="false" isGetter="false" isSetter="false">
              <Summary numSequencePoints="11" visitedSequencePoints="11" numBranchPoints="0" visitedBranchPoints="0" sequenceCoverage="100.0" branchCoverage="0" maxCyclomaticComplexity="0" minCyclomaticComplexity="0" maxCrapScore="0" minCrapScore="0" visitedClasses="0" numClasses="0" visitedMethods="1" numMethods="1" />
              <MetadataToken>100663349</MetadataToken>
              <Name>System.Void RoundManager::Start()</Name>
              <FileRef uid="14" />
              <SequencePoints>
                <SequencePoint vc="1" uspid="318" ordinal="0" offset="0" sl="14" sc="5" el="14" ec="5" bec="0" bev="0" fileid="14" />
                <SequencePoint vc="1" uspid="319" ordinal="0" offset="1" sl="15" sc="9" el="15" ec="9" bec="0" bev="0" fileid="14" />
                <SequencePoint vc="1" uspid="320" ordinal="0" offset="12" sl="16" sc="9" el="16" ec="9" bec="0" bev="0" fileid="14" />
                <SequencePoint vc="1" uspid="321" ordinal="0" offset="29" sl="17" sc="14" el="17" ec="14" bec="0" bev="0" fileid="14" />
                <SequencePoint vc="10" uspid="322" ordinal="0" offset="33" sl="18" sc="9" el="18" ec="9" bec="0" bev="0" fileid="14" />
                <SequencePoint vc="10" uspid="323" ordinal="0" offset="34" sl="19" sc="13" el="19" ec="13" bec="0" bev="0" fileid="14" />
                <SequencePoint vc="10" uspid="324" ordinal="0" offset="57" sl="20" sc="9" el="20" ec="9" bec="0" bev="0" fileid="14" />
                <SequencePoint vc="10" uspid="325" ordinal="0" offset="58" sl="17" sc="52" el="17" ec="52" bec="0" bev="0" fileid="14" />
                <SequencePoint vc="11" uspid="326" ordinal="0" offset="62" sl="17" sc="25" el="17" ec="25" bec="0" bev="0" fileid="14" />
                <SequencePoint vc="1" uspid="327" ordinal="0" offset="74" sl="21" sc="9" el="21" ec="9" bec="0" bev="0" fileid="14" />
                <SequencePoint vc="1" uspid="328" ordinal="0" offset="86" sl="22" sc="5" el="22" ec="5" bec="0" bev="0" fileid="14" />
              </SequencePoints>
              <BranchPoints />
            </Method>
            <Method visited="true" cyclomaticComplexity="0" nPathComplexity="0" sequenceCoverage="100.0" branchCoverage="0" crapScore="0" isConstructor="false" isStatic="false" isGetter="false" isSetter="false">
              <Summary numSequencePoints="3" visitedSequencePoints="3" numBranchPoints="0" visitedBranchPoints="0" sequenceCoverage="100.0" branchCoverage="0" maxCyclomaticComplexity="0" minCyclomaticComplexity="0" maxCrapScore="0" minCrapScore="0" visitedClasses="0" numClasses="0" visitedMethods="1" numMethods="1" />
              <MetadataToken>100663351</MetadataToken>
              <Name>System.Collections.Generic.List[GameObject] RoundManager::GetInitialHand()</Name>
              <FileRef uid="14" />
              <SequencePoints>
                <SequencePoint vc="1" uspid="333" ordinal="0" offset="0" sl="31" sc="5" el="31" ec="5" bec="0" bev="0" fileid="14" />
                <SequencePoint vc="1" uspid="334" ordinal="0" offset="1" sl="32" sc="9" el="32" ec="9" bec="0" bev="0" fileid="14" />
                <SequencePoint vc="1" uspid="335" ordinal="0" offset="15" sl="33" sc="5" el="33" ec="5" bec="0" bev="0" fileid="14" />
              </SequencePoints>
              <BranchPoints />
            </Method>
            <Method visited="true" cyclomaticComplexity="0" nPathComplexity="0" sequenceCoverage="100.0" branchCoverage="0" crapScore="0" isConstructor="true" isStatic="false" isGetter="false" isSetter="false">
              <Summary numSequencePoints="1" visitedSequencePoints="1" numBranchPoints="0" visitedBranchPoints="0" sequenceCoverage="100.0" branchCoverage="0" maxCyclomaticComplexity="0" minCyclomaticComplexity="0" maxCrapScore="0" minCrapScore="0" visitedClasses="0" numClasses="0" visitedMethods="1" numMethods="1" />
              <MetadataToken>100663352</MetadataToken>
              <Name>RoundManager::RoundManager()</Name>
              <FileRef uid="14" />
              <SequencePoints>
                <SequencePoint vc="1" uspid="336" ordinal="0" offset="0" sl="11" sc="5" el="11" ec="5" bec="0" bev="0" fileid="14" />
              </SequencePoints>
              <BranchPoints />
            </Method>
          </Methods>
        </Class>
        <Class>
          <Summary numSequencePoints="12" visitedSequencePoints="12" numBranchPoints="0" visitedBranchPoints="0" sequenceCoverage="100.0" branchCoverage="0.0" maxCyclomaticComplexity="0" minCyclomaticComplexity="0" maxCrapScore="0" minCrapScore="0" visitedClasses="1" numClasses="1" visitedMethods="3" numMethods="3" />
          <FullName>HandScript/Slot</FullName>
          <Methods>
            <Method visited="true" cyclomaticComplexity="0" nPathComplexity="0" sequenceCoverage="100.0" branchCoverage="0" crapScore="0" isConstructor="false" isStatic="false" isGetter="false" isSetter="false">
              <Summary numSequencePoints="4" visitedSequencePoints="4" numBranchPoints="0" visitedBranchPoints="0" sequenceCoverage="100.0" branchCoverage="0" maxCyclomaticComplexity="0" minCyclomaticComplexity="0" maxCrapScore="0" minCrapScore="0" visitedClasses="0" numClasses="0" visitedMethods="1" numMethods="1" />
              <MetadataToken>100663354</MetadataToken>
              <Name>System.Void HandScript/Slot::setCard(UnityEngine.GameObject)</Name>
              <FileRef uid="11" />
              <SequencePoints>
                <SequencePoint vc="5" uspid="337" ordinal="0" offset="0" sl="22" sc="9" el="22" ec="9" bec="0" bev="0" fileid="11" />
                <SequencePoint vc="5" uspid="338" ordinal="0" offset="1" sl="23" sc="13" el="23" ec="13" bec="0" bev="0" fileid="11" />
                <SequencePoint vc="5" uspid="339" ordinal="0" offset="8" sl="24" sc="13" el="24" ec="13" bec="0" bev="0" fileid="11" />
                <SequencePoint vc="5" uspid="340" ordinal="0" offset="15" sl="25" sc="9" el="25" ec="9" bec="0" bev="0" fileid="11" />
              </SequencePoints>
              <BranchPoints />
            </Method>
            <Method visited="true" cyclomaticComplexity="0" nPathComplexity="0" sequenceCoverage="100.0" branchCoverage="0" crapScore="0" isConstructor="false" isStatic="false" isGetter="false" isSetter="false">
              <Summary numSequencePoints="4" visitedSequencePoints="4" numBranchPoints="0" visitedBranchPoints="0" sequenceCoverage="100.0" branchCoverage="0" maxCyclomaticComplexity="0" minCyclomaticComplexity="0" maxCrapScore="0" minCrapScore="0" visitedClasses="0" numClasses="0" visitedMethods="1" numMethods="1" />
              <MetadataToken>100663355</MetadataToken>
              <Name>System.Void HandScript/Slot::PositionCard()</Name>
              <FileRef uid="11" />
              <SequencePoints>
                <SequencePoint vc="5" uspid="341" ordinal="0" offset="0" sl="28" sc="9" el="28" ec="9" bec="0" bev="0" fileid="11" />
                <SequencePoint vc="5" uspid="342" ordinal="0" offset="1" sl="29" sc="13" el="29" ec="13" bec="0" bev="0" fileid="11" />
                <SequencePoint vc="5" uspid="343" ordinal="0" offset="13" sl="30" sc="13" el="30" ec="13" bec="0" bev="0" fileid="11" />
                <SequencePoint vc="5" uspid="344" ordinal="0" offset="41" sl="31" sc="9" el="31" ec="9" bec="0" bev="0" fileid="11" />
              </SequencePoints>
              <BranchPoints />
            </Method>
            <Method visited="true" cyclomaticComplexity="0" nPathComplexity="0" sequenceCoverage="100.0" branchCoverage="0" crapScore="0" isConstructor="true" isStatic="false" isGetter="false" isSetter="false">
              <Summary numSequencePoints="4" visitedSequencePoints="4" numBranchPoints="0" visitedBranchPoints="0" sequenceCoverage="100.0" branchCoverage="0" maxCyclomaticComplexity="0" minCyclomaticComplexity="0" maxCrapScore="0" minCrapScore="0" visitedClasses="0" numClasses="0" visitedMethods="1" numMethods="1" />
              <MetadataToken>100663353</MetadataToken>
              <Name>HandScript/Slot::Slot(System.Int32)</Name>
              <FileRef uid="11" />
              <SequencePoints>
                <SequencePoint vc="10" uspid="345" ordinal="0" offset="0" sl="16" sc="9" el="16" ec="9" bec="0" bev="0" fileid="11" />
                <SequencePoint vc="10" uspid="346" ordinal="0" offset="7" sl="17" sc="9" el="17" ec="9" bec="0" bev="0" fileid="11" />
                <SequencePoint vc="10" uspid="347" ordinal="0" offset="8" sl="18" sc="13" el="18" ec="13" bec="0" bev="0" fileid="11" />
                <SequencePoint vc="10" uspid="348" ordinal="0" offset="15" sl="19" sc="9" el="19" ec="9" bec="0" bev="0" fileid="11" />
              </SequencePoints>
              <BranchPoints />
            </Method>
          </Methods>
        </Class>
      </Classes>
    </Module>
  </Modules>
</CoverageSession>